<?xml version="1.0" encoding="UTF-8"?>
<coverage generated="1790070817640" clover="3.2.0">
  <project timestamp="1790070817640" name="All files">
    <metrics statements="332" coveredstatements="317" conditionals="218" coveredconditionals="182" methods="36" coveredmethods="33" elements="586" coveredelements="532" complexity="0" loc="332" ncloc="332" packages="4" files="11" classes="11"/>
    <package name="config">
      <metrics statements="20" coveredstatements="18" conditionals="6" coveredconditionals="4" methods="6" coveredmethods="5"/>
      <file name="db.js" path="C:\Users\Administrator\Documents\GitHub\aerocast\server\config\db.js">
        <metrics statements="20" coveredstatements="18" conditionals="6" coveredconditionals="4" methods="6" coveredmethods="5"/>
        <line num="5" count="5" type="stmt"/>
        <line num="6" count="5" type="stmt"/>
        <line num="7" count="5" type="stmt"/>
        <line num="11" count="5" type="cond" truecount="1" falsecount="1"/>
        <line num="13" count="5" type="stmt"/>
        <line num="17" count="6" type="stmt"/>
        <line num="35" count="6" type="stmt"/>
        <line num="40" count="6" type="stmt"/>
        <line num="43" count="0" type="stmt"/>
        <line num="44" count="0" type="stmt"/>
        <line num="46" count="6" type="stmt"/>
        <line num="52" count="7" type="cond" truecount="2" falsecount="0"/>
        <line num="53" count="6" type="stmt"/>
        <line num="55" count="7" type="stmt"/>
        <line num="60" count="1" type="stmt"/>
        <line num="65" count="6" type="cond" truecount="1" falsecount="1"/>
        <line num="66" count="6" type="stmt"/>
        <line num="67" count="6" type="stmt"/>
        <line num="68" count="6" type="stmt"/>
        <line num="71" count="5" type="stmt"/>
      </file>
    </package>
    <package name="controllers">
      <metrics statements="71" coveredstatements="70" conditionals="58" coveredconditionals="50" methods="2" coveredmethods="2"/>
      <file name="airController.js" path="C:\Users\Administrator\Documents\GitHub\aerocast\server\controllers\airController.js">
        <metrics statements="55" coveredstatements="54" conditionals="50" coveredconditionals="42" methods="1" coveredmethods="1"/>
        <line num="3" count="1" type="stmt"/>
        <line num="4" count="1" type="stmt"/>
        <line num="5" count="1" type="stmt"/>
        <line num="6" count="1" type="stmt"/>
        <line num="7" count="1" type="stmt"/>
        <line num="9" count="1" type="stmt"/>
        <line num="12" count="20" type="stmt"/>
        <line num="14" count="20" type="cond" truecount="2" falsecount="0"/>
        <line num="22" count="5" type="stmt"/>
        <line num="25" count="15" type="stmt"/>
        <line num="26" count="15" type="stmt"/>
        <line num="28" count="15" type="cond" truecount="6" falsecount="0"/>
        <line num="29" count="2" type="stmt"/>
        <line num="32" count="13" type="cond" truecount="2" falsecount="0"/>
        <line num="33" count="13" type="cond" truecount="2" falsecount="0"/>
        <line num="34" count="1" type="stmt"/>
        <line num="37" count="12" type="stmt"/>
        <line num="39" count="12" type="stmt"/>
        <line num="40" count="12" type="stmt"/>
        <line num="41" count="11" type="cond" truecount="2" falsecount="0"/>
        <line num="42" count="2" type="stmt"/>
        <line num="43" count="2" type="stmt"/>
        <line num="46" count="9" type="stmt"/>
        <line num="47" count="9" type="cond" truecount="2" falsecount="0"/>
        <line num="48" count="1" type="stmt"/>
        <line num="49" count="8" type="cond" truecount="2" falsecount="0"/>
        <line num="50" count="1" type="stmt"/>
        <line num="53" count="7" type="stmt"/>
        <line num="54" count="7" type="stmt"/>
        <line num="56" count="4" type="stmt"/>
        <line num="61" count="6" type="stmt"/>
        <line num="64" count="6" type="stmt"/>
        <line num="65" count="6" type="stmt"/>
        <line num="69" count="6" type="stmt"/>
        <line num="70" count="6" type="stmt"/>
        <line num="73" count="4" type="stmt"/>
        <line num="75" count="4" type="stmt"/>
        <line num="76" count="3" type="cond" truecount="2" falsecount="0"/>
        <line num="77" count="1" type="stmt"/>
        <line num="78" count="1" type="stmt"/>
        <line num="82" count="2" type="stmt"/>
        <line num="83" count="2" type="cond" truecount="2" falsecount="0"/>
        <line num="84" count="1" type="stmt"/>
        <line num="85" count="1" type="stmt"/>
        <line num="86" count="1" type="cond" truecount="1" falsecount="1"/>
        <line num="89" count="1" type="stmt"/>
        <line num="90" count="1" type="stmt"/>
        <line num="97" count="1" type="stmt"/>
        <line num="98" count="2" type="cond" truecount="1" falsecount="1"/>
        <line num="99" count="0" type="stmt"/>
        <line num="103" count="1" type="stmt"/>
        <line num="120" count="2" type="cond" truecount="2" falsecount="0"/>
        <line num="126" count="1" type="stmt"/>
        <line num="131" count="1" type="stmt"/>
        <line num="137" count="1" type="stmt"/>
      </file>
      <file name="searchController.js" path="C:\Users\Administrator\Documents\GitHub\aerocast\server\controllers\searchController.js">
        <metrics statements="16" coveredstatements="16" conditionals="8" coveredconditionals="8" methods="1" coveredmethods="1"/>
        <line num="3" count="1" type="stmt"/>
        <line num="4" count="1" type="stmt"/>
        <line num="7" count="9" type="stmt"/>
        <line num="9" count="9" type="cond" truecount="6" falsecount="0"/>
        <line num="10" count="4" type="stmt"/>
        <line num="13" count="5" type="stmt"/>
        <line num="14" count="5" type="stmt"/>
        <line num="16" count="5" type="stmt"/>
        <line num="17" count="5" type="stmt"/>
        <line num="18" count="4" type="cond" truecount="2" falsecount="0"/>
        <line num="19" count="1" type="stmt"/>
        <line num="22" count="3" type="stmt"/>
        <line num="23" count="2" type="stmt"/>
        <line num="25" count="2" type="stmt"/>
        <line num="27" count="2" type="stmt"/>
        <line num="31" count="1" type="stmt"/>
      </file>
    </package>
    <package name="routes">
      <metrics statements="16" coveredstatements="10" conditionals="4" coveredconditionals="2" methods="2" coveredmethods="0"/>
      <file name="api.js" path="C:\Users\Administrator\Documents\GitHub\aerocast\server\routes\api.js">
        <metrics statements="16" coveredstatements="10" conditionals="4" coveredconditionals="2" methods="2" coveredmethods="0"/>
        <line num="3" count="1" type="stmt"/>
        <line num="4" count="1" type="stmt"/>
        <line num="5" count="1" type="stmt"/>
        <line num="6" count="1" type="stmt"/>
        <line num="8" count="1" type="cond" truecount="1" falsecount="1"/>
        <line num="9" count="1" type="stmt"/>
        <line num="10" count="1" type="stmt"/>
        <line num="12" count="0" type="stmt"/>
        <line num="13" count="0" type="stmt"/>
        <line num="18" count="0" type="stmt"/>
        <line num="19" count="0" type="stmt"/>
        <line num="22" count="1" type="cond" truecount="1" falsecount="1"/>
        <line num="23" count="1" type="stmt"/>
        <line num="25" count="0" type="stmt"/>
        <line num="26" count="0" type="stmt"/>
        <line num="33" count="1" type="stmt"/>
      </file>
    </package>
    <package name="services">
      <metrics statements="225" coveredstatements="219" conditionals="150" coveredconditionals="126" methods="26" coveredmethods="26"/>
      <file name="aqiCalculator.js" path="C:\Users\Administrator\Documents\GitHub\aerocast\server\services\aqiCalculator.js">
        <metrics statements="42" coveredstatements="42" conditionals="38" coveredconditionals="38" methods="3" coveredmethods="3"/>
        <line num="3" count="1" type="stmt"/>
        <line num="6" count="1" type="stmt"/>
        <line num="16" count="34" type="cond" truecount="2" falsecount="0"/>
        <line num="17" count="33" type="cond" truecount="2" falsecount="0"/>
        <line num="18" count="31" type="cond" truecount="2" falsecount="0"/>
        <line num="19" count="30" type="stmt"/>
        <line num="20" count="30" type="stmt"/>
        <line num="25" count="49" type="cond" truecount="5" falsecount="0"/>
        <line num="26" count="19" type="stmt"/>
        <line num="29" count="30" type="stmt"/>
        <line num="30" count="30" type="stmt"/>
        <line num="31" count="57" type="stmt"/>
        <line num="32" count="57" type="stmt"/>
        <line num="33" count="57" type="stmt"/>
        <line num="34" count="57" type="stmt"/>
        <line num="36" count="57" type="cond" truecount="2" falsecount="0"/>
        <line num="37" count="28" type="stmt"/>
        <line num="42" count="2" type="stmt"/>
        <line num="43" count="2" type="stmt"/>
        <line num="44" count="2" type="stmt"/>
        <line num="45" count="2" type="stmt"/>
        <line num="46" count="2" type="stmt"/>
        <line num="48" count="2" type="stmt"/>
        <line num="49" count="2" type="stmt"/>
        <line num="58" count="8" type="cond" truecount="4" falsecount="0"/>
        <line num="59" count="5" type="cond" truecount="3" falsecount="0"/>
        <line num="60" count="5" type="cond" truecount="2" falsecount="0"/>
        <line num="61" count="5" type="cond" truecount="2" falsecount="0"/>
        <line num="62" count="5" type="cond" truecount="2" falsecount="0"/>
        <line num="63" count="5" type="cond" truecount="2" falsecount="0"/>
        <line num="65" count="3" type="cond" truecount="2" falsecount="0"/>
        <line num="66" count="3" type="cond" truecount="2" falsecount="0"/>
        <line num="67" count="3" type="cond" truecount="2" falsecount="0"/>
        <line num="68" count="3" type="cond" truecount="2" falsecount="0"/>
        <line num="69" count="3" type="cond" truecount="2" falsecount="0"/>
        <line num="72" count="8" type="stmt"/>
        <line num="73" count="8" type="stmt"/>
        <line num="74" count="8" type="stmt"/>
        <line num="75" count="8" type="stmt"/>
        <line num="76" count="8" type="stmt"/>
        <line num="78" count="8" type="stmt"/>
        <line num="81" count="1" type="stmt"/>
      </file>
      <file name="backupAirService.js" path="C:\Users\Administrator\Documents\GitHub\aerocast\server\services\backupAirService.js">
        <metrics statements="30" coveredstatements="30" conditionals="22" coveredconditionals="16" methods="2" coveredmethods="2"/>
        <line num="2" count="1" type="stmt"/>
        <line num="3" count="1" type="stmt"/>
        <line num="4" count="1" type="stmt"/>
        <line num="6" count="1" type="stmt"/>
        <line num="7" count="1" type="stmt"/>
        <line num="8" count="1" type="stmt"/>
        <line num="12" count="2" type="cond" truecount="1" falsecount="1"/>
        <line num="13" count="2" type="stmt"/>
        <line num="24" count="5" type="stmt"/>
        <line num="25" count="5" type="cond" truecount="2" falsecount="0"/>
        <line num="26" count="1" type="stmt"/>
        <line num="29" count="4" type="stmt"/>
        <line num="31" count="4" type="stmt"/>
        <line num="32" count="4" type="stmt"/>
        <line num="33" count="2" type="cond" truecount="1" falsecount="1"/>
        <line num="36" count="2" type="stmt"/>
        <line num="47" count="2" type="stmt"/>
        <line num="48" count="2" type="stmt"/>
        <line num="50" count="2" type="stmt"/>
        <line num="51" count="2" type="stmt"/>
        <line num="52" count="2" type="stmt"/>
        <line num="53" count="2" type="stmt"/>
        <line num="54" count="2" type="stmt"/>
        <line num="55" count="2" type="stmt"/>
        <line num="56" count="2" type="stmt"/>
        <line num="57" count="2" type="stmt"/>
        <line num="60" count="2" type="stmt"/>
        <line num="63" count="2" type="stmt"/>
        <line num="89" count="2" type="stmt"/>
        <line num="93" count="1" type="stmt"/>
      </file>
      <file name="cacheService.js" path="C:\Users\Administrator\Documents\GitHub\aerocast\server\services\cacheService.js">
        <metrics statements="49" coveredstatements="48" conditionals="35" coveredconditionals="32" methods="5" coveredmethods="5"/>
        <line num="5" count="1" type="stmt"/>
        <line num="8" count="1" type="stmt"/>
        <line num="10" count="1" type="stmt"/>
        <line num="14" count="24" type="stmt"/>
        <line num="15" count="24" type="stmt"/>
        <line num="16" count="24" type="cond" truecount="2" falsecount="0"/>
        <line num="18" count="0" type="stmt"/>
        <line num="24" count="8" type="stmt"/>
        <line num="25" count="8" type="cond" truecount="2" falsecount="0"/>
        <line num="26" count="4" type="stmt"/>
        <line num="27" count="4" type="cond" truecount="2" falsecount="0"/>
        <line num="28" count="3" type="cond" truecount="4" falsecount="0"/>
        <line num="29" count="1" type="stmt"/>
        <line num="30" count="1" type="stmt"/>
        <line num="32" count="2" type="stmt"/>
        <line num="35" count="4" type="stmt"/>
        <line num="36" count="4" type="cond" truecount="2" falsecount="0"/>
        <line num="37" count="3" type="cond" truecount="4" falsecount="0"/>
        <line num="38" count="2" type="stmt"/>
        <line num="43" count="10" type="stmt"/>
        <line num="44" count="10" type="stmt"/>
        <line num="46" count="10" type="cond" truecount="2" falsecount="0"/>
        <line num="47" count="9" type="stmt"/>
        <line num="48" count="9" type="stmt"/>
        <line num="51" count="1" type="stmt"/>
        <line num="56" count="1" type="stmt"/>
        <line num="61" count="2" type="stmt"/>
        <line num="62" count="2" type="cond" truecount="2" falsecount="0"/>
        <line num="63" count="1" type="stmt"/>
        <line num="64" count="1" type="stmt"/>
        <line num="65" count="1" type="stmt"/>
        <line num="66" count="5" type="cond" truecount="2" falsecount="0"/>
        <line num="68" count="1" type="stmt"/>
        <line num="71" count="1" type="stmt"/>
        <line num="72" count="1" type="stmt"/>
        <line num="76" count="1" type="stmt"/>
        <line num="82" count="4" type="stmt"/>
        <line num="83" count="4" type="cond" truecount="2" falsecount="0"/>
        <line num="84" count="2" type="cond" truecount="2" falsecount="0"/>
        <line num="85" count="1" type="stmt"/>
        <line num="86" count="1" type="stmt"/>
        <line num="87" count="1" type="stmt"/>
        <line num="89" count="1" type="cond" truecount="1" falsecount="1"/>
        <line num="92" count="2" type="cond" truecount="2" falsecount="0"/>
        <line num="93" count="1" type="stmt"/>
        <line num="94" count="1" type="cond" truecount="1" falsecount="1"/>
        <line num="96" count="1" type="stmt"/>
        <line num="97" count="1" type="cond" truecount="1" falsecount="1"/>
        <line num="100" count="1" type="stmt"/>
      </file>
      <file name="geocodingService.js" path="C:\Users\Administrator\Documents\GitHub\aerocast\server\services\geocodingService.js">
        <metrics statements="15" coveredstatements="14" conditionals="9" coveredconditionals="8" methods="2" coveredmethods="2"/>
        <line num="1" count="1" type="stmt"/>
        <line num="3" count="1" type="stmt"/>
        <line num="6" count="4" type="cond" truecount="4" falsecount="1"/>
        <line num="7" count="0" type="stmt"/>
        <line num="10" count="4" type="stmt"/>
        <line num="12" count="4" type="stmt"/>
        <line num="13" count="4" type="stmt"/>
        <line num="14" count="4" type="stmt"/>
        <line num="17" count="3" type="cond" truecount="4" falsecount="0"/>
        <line num="18" count="1" type="stmt"/>
        <line num="21" count="2" type="stmt"/>
        <line num="23" count="2" type="stmt"/>
        <line num="25" count="2" type="stmt"/>
        <line num="32" count="1" type="stmt"/>
        <line num="36" count="1" type="stmt"/>
      </file>
      <file name="historyService.js" path="C:\Users\Administrator\Documents\GitHub\aerocast\server\services\historyService.js">
        <metrics statements="74" coveredstatements="70" conditionals="46" coveredconditionals="32" methods="9" coveredmethods="9"/>
        <line num="6" count="1" type="stmt"/>
        <line num="7" count="1" type="stmt"/>
        <line num="10" count="1" type="stmt"/>
        <line num="11" count="1" type="stmt"/>
        <line num="14" count="5" type="stmt"/>
        <line num="15" count="5" type="stmt"/>
        <line num="16" count="5" type="cond" truecount="1" falsecount="1"/>
        <line num="18" count="0" type="stmt"/>
        <line num="24" count="4" type="stmt"/>
        <line num="26" count="4" type="cond" truecount="3" falsecount="1"/>
        <line num="27" count="0" type="stmt"/>
        <line num="30" count="4" type="cond" truecount="1" falsecount="1"/>
        <line num="33" count="4" type="stmt"/>
        <line num="39" count="3" type="stmt"/>
        <line num="40" count="3" type="cond" truecount="1" falsecount="1"/>
        <line num="42" count="3" type="cond" truecount="1" falsecount="1"/>
        <line num="43" count="3" type="cond" truecount="3" falsecount="1"/>
        <line num="45" count="3" type="stmt"/>
        <line num="46" count="3" type="cond" truecount="2" falsecount="0"/>
        <line num="47" count="7" type="stmt"/>
        <line num="49" count="3" type="stmt"/>
        <line num="50" count="3" type="stmt"/>
        <line num="52" count="3" type="stmt"/>
        <line num="53" count="3" type="stmt"/>
        <line num="54" count="4" type="stmt"/>
        <line num="56" count="4" type="cond" truecount="4" falsecount="0"/>
        <line num="58" count="3" type="stmt"/>
        <line num="59" count="3" type="stmt"/>
        <line num="60" count="4" type="stmt"/>
        <line num="61" count="4" type="cond" truecount="1" falsecount="1"/>
        <line num="63" count="3" type="cond" truecount="1" falsecount="1"/>
        <line num="65" count="3" type="stmt"/>
        <line num="72" count="2" type="stmt"/>
        <line num="80" count="1" type="stmt"/>
        <line num="81" count="1" type="cond" truecount="1" falsecount="1"/>
        <line num="83" count="1" type="stmt"/>
        <line num="84" count="1" type="stmt"/>
        <line num="86" count="1" type="stmt"/>
        <line num="87" count="1" type="stmt"/>
        <line num="92" count="0" type="stmt"/>
        <line num="98" count="2" type="cond" truecount="6" falsecount="0"/>
        <line num="99" count="1" type="stmt"/>
        <line num="103" count="1" type="stmt"/>
        <line num="104" count="1" type="stmt"/>
        <line num="106" count="1" type="stmt"/>
        <line num="107" count="1" type="cond" truecount="1" falsecount="1"/>
        <line num="120" count="1" type="stmt"/>
        <line num="121" count="1" type="stmt"/>
        <line num="122" count="2" type="stmt"/>
        <line num="124" count="1" type="stmt"/>
        <line num="125" count="1" type="stmt"/>
        <line num="126" count="1" type="stmt"/>
        <line num="127" count="1" type="stmt"/>
        <line num="128" count="1" type="cond" truecount="1" falsecount="1"/>
        <line num="130" count="1" type="stmt"/>
        <line num="133" count="1" type="stmt"/>
        <line num="134" count="1" type="stmt"/>
        <line num="135" count="2" type="stmt"/>
        <line num="136" count="2" type="cond" truecount="2" falsecount="0"/>
        <line num="137" count="1" type="stmt"/>
        <line num="138" count="1" type="stmt"/>
        <line num="139" count="1" type="stmt"/>
        <line num="141" count="0" type="stmt"/>
        <line num="143" count="1" type="cond" truecount="1" falsecount="1"/>
        <line num="144" count="1" type="stmt"/>
        <line num="147" count="1" type="stmt"/>
        <line num="149" count="1" type="stmt"/>
        <line num="150" count="1" type="stmt"/>
        <line num="151" count="1" type="stmt"/>
        <line num="152" count="1" type="stmt"/>
        <line num="153" count="2" type="cond" truecount="1" falsecount="1"/>
        <line num="158" count="1" type="cond" truecount="1" falsecount="1"/>
        <line num="160" count="1" type="stmt"/>
        <line num="163" count="1" type="stmt"/>
      </file>
      <file name="primaryAirService.js" path="C:\Users\Administrator\Documents\GitHub\aerocast\server\services\primaryAirService.js">
        <metrics statements="8" coveredstatements="8" conditionals="0" coveredconditionals="0" methods="1" coveredmethods="1"/>
        <line num="1" count="1" type="stmt"/>
        <line num="3" count="1" type="stmt"/>
        <line num="9" count="4" type="stmt"/>
        <line num="11" count="4" type="stmt"/>
        <line num="13" count="4" type="stmt"/>
        <line num="16" count="2" type="stmt"/>
        <line num="22" count="2" type="stmt"/>
        <line num="26" count="1" type="stmt"/>
      </file>
      <file name="timeUtils.js" path="C:\Users\Administrator\Documents\GitHub\aerocast\server\services\timeUtils.js">
        <metrics statements="7" coveredstatements="7" conditionals="0" coveredconditionals="0" methods="4" coveredmethods="4"/>
        <line num="5" count="4" type="stmt"/>
        <line num="10" count="20" type="stmt"/>
        <line num="11" count="20" type="stmt"/>
        <line num="21" count="500" type="stmt"/>
        <line num="22" count="20" type="stmt"/>
        <line num="27" count="7" type="stmt"/>
        <line num="30" count="4" type="stmt"/>
      </file>
    </package>
  </project>
</coverage>
