{"C:\\Users\\Administrator\\Documents\\GitHub\\aerocast\\server\\config\\db.js": {"path":"C:\\Users\\Administrator\\Documents\\GitHub\\aerocast\\server\\config\\db.js","statementMap":{"0":{"start":{"line":5,"column":13},"end":{"line":5,"column":28}},"1":{"start":{"line":6,"column":16},"end":{"line":6,"column":44}},"2":{"start":{"line":7,"column":17},"end":{"line":7,"column":34}},"3":{"start":{"line":11,"column":16},"end":{"line":11,"column":77}},"4":{"start":{"line":13,"column":16},"end":{"line":13,"column":20}},"5":{"start":{"line":17,"column":4},"end":{"line":34,"column":7}},"6":{"start":{"line":35,"column":4},"end":{"line":35,"column":14}},"7":{"start":{"line":40,"column":4},"end":{"line":45,"column":11}},"8":{"start":{"line":43,"column":12},"end":{"line":43,"column":29}},"9":{"start":{"line":44,"column":12},"end":{"line":44,"column":24}},"10":{"start":{"line":46,"column":4},"end":{"line":46,"column":21}},"11":{"start":{"line":52,"column":4},"end":{"line":54,"column":5}},"12":{"start":{"line":53,"column":8},"end":{"line":53,"column":29}},"13":{"start":{"line":55,"column":4},"end":{"line":55,"column":21}},"14":{"start":{"line":60,"column":4},"end":{"line":60,"column":19}},"15":{"start":{"line":65,"column":4},"end":{"line":65,"column":27}},"16":{"start":{"line":65,"column":20},"end":{"line":65,"column":27}},"17":{"start":{"line":66,"column":15},"end":{"line":66,"column":30}},"18":{"start":{"line":67,"column":4},"end":{"line":67,"column":21}},"19":{"start":{"line":68,"column":4},"end":{"line":68,"column":21}},"20":{"start":{"line":71,"column":0},"end":{"line":71,"column":44}}},"fnMap":{"0":{"name":"migrate","decl":{"start":{"line":16,"column":15},"end":{"line":16,"column":22}},"loc":{"start":{"line":16,"column":27},"end":{"line":36,"column":1}},"line":16},"1":{"name":"openDB","decl":{"start":{"line":39,"column":9},"end":{"line":39,"column":15}},"loc":{"start":{"line":39,"column":18},"end":{"line":47,"column":1}},"line":39},"2":{"name":"(anonymous_2)","decl":{"start":{"line":42,"column":15},"end":{"line":42,"column":16}},"loc":{"start":{"line":42,"column":26},"end":{"line":45,"column":9}},"line":42},"3":{"name":"getDB","decl":{"start":{"line":51,"column":15},"end":{"line":51,"column":20}},"loc":{"start":{"line":51,"column":23},"end":{"line":56,"column":1}},"line":51},"4":{"name":"initDB","decl":{"start":{"line":59,"column":15},"end":{"line":59,"column":21}},"loc":{"start":{"line":59,"column":24},"end":{"line":61,"column":1}},"line":59},"5":{"name":"closeDB","decl":{"start":{"line":64,"column":15},"end":{"line":64,"column":22}},"loc":{"start":{"line":64,"column":25},"end":{"line":69,"column":1}},"line":64}},"branchMap":{"0":{"loc":{"start":{"line":11,"column":16},"end":{"line":11,"column":77}},"type":"binary-expr","locations":[{"start":{"line":11,"column":16},"end":{"line":11,"column":35}},{"start":{"line":11,"column":39},"end":{"line":11,"column":77}}],"line":11},"1":{"loc":{"start":{"line":52,"column":4},"end":{"line":54,"column":5}},"type":"if","locations":[{"start":{"line":52,"column":4},"end":{"line":54,"column":5}},{"start":{},"end":{}}],"line":52},"2":{"loc":{"start":{"line":65,"column":4},"end":{"line":65,"column":27}},"type":"if","locations":[{"start":{"line":65,"column":4},"end":{"line":65,"column":27}},{"start":{},"end":{}}],"line":65}},"s":{"0":5,"1":5,"2":5,"3":5,"4":5,"5":6,"6":6,"7":6,"8":0,"9":0,"10":6,"11":7,"12":6,"13":7,"14":1,"15":6,"16":0,"17":6,"18":6,"19":6,"20":5},"f":{"0":6,"1":6,"2":0,"3":7,"4":1,"5":6},"b":{"0":[5,0],"1":[6,1],"2":[0,6]},"_coverageSchema":"1a1c01bbd47fc00a2c39e90264f33305004495a9","hash":"d659d24df91d4fbd588b1500b44a80f8be811ca5"}
,"C:\\Users\\Administrator\\Documents\\GitHub\\aerocast\\server\\controllers\\airController.js": {"path":"C:\\Users\\Administrator\\Documents\\GitHub\\aerocast\\server\\controllers\\airController.js","statementMap":{"0":{"start":{"line":3,"column":21},"end":{"line":3,"column":56}},"1":{"start":{"line":4,"column":23},"end":{"line":4,"column":60}},"2":{"start":{"line":5,"column":26},"end":{"line":5,"column":66}},"3":{"start":{"line":6,"column":25},"end":{"line":6,"column":64}},"4":{"start":{"line":7,"column":18},"end":{"line":7,"column":50}},"5":{"start":{"line":9,"column":22},"end":{"line":9,"column":64}},"6":{"start":{"line":12,"column":25},"end":{"line":12,"column":34}},"7":{"start":{"line":14,"column":4},"end":{"line":23,"column":5}},"8":{"start":{"line":22,"column":8},"end":{"line":22,"column":80}},"9":{"start":{"line":25,"column":22},"end":{"line":25,"column":33}},"10":{"start":{"line":26,"column":22},"end":{"line":26,"column":33}},"11":{"start":{"line":28,"column":4},"end":{"line":30,"column":5}},"12":{"start":{"line":29,"column":8},"end":{"line":29,"column":80}},"13":{"start":{"line":32,"column":19},"end":{"line":32,"column":45}},"14":{"start":{"line":33,"column":4},"end":{"line":35,"column":5}},"15":{"start":{"line":34,"column":8},"end":{"line":34,"column":75}},"16":{"start":{"line":37,"column":21},"end":{"line":37,"column":84}},"17":{"start":{"line":39,"column":4},"end":{"line":134,"column":5}},"18":{"start":{"line":40,"column":27},"end":{"line":40,"column":71}},"19":{"start":{"line":41,"column":8},"end":{"line":44,"column":9}},"20":{"start":{"line":42,"column":27},"end":{"line":42,"column":96}},"21":{"start":{"line":43,"column":12},"end":{"line":43,"column":36}},"22":{"start":{"line":46,"column":24},"end":{"line":46,"column":28}},"23":{"start":{"line":47,"column":8},"end":{"line":58,"column":9}},"24":{"start":{"line":48,"column":12},"end":{"line":48,"column":86}},"25":{"start":{"line":49,"column":15},"end":{"line":58,"column":9}},"26":{"start":{"line":50,"column":12},"end":{"line":50,"column":85}},"27":{"start":{"line":53,"column":12},"end":{"line":57,"column":13}},"28":{"start":{"line":54,"column":16},"end":{"line":54,"column":90}},"29":{"start":{"line":56,"column":16},"end":{"line":56,"column":89}},"30":{"start":{"line":61,"column":8},"end":{"line":61,"column":63}},"31":{"start":{"line":64,"column":8},"end":{"line":66,"column":22}},"32":{"start":{"line":65,"column":12},"end":{"line":65,"column":61}},"33":{"start":{"line":69,"column":27},"end":{"line":69,"column":95}},"34":{"start":{"line":70,"column":8},"end":{"line":70,"column":36}},"35":{"start":{"line":73,"column":8},"end":{"line":117,"column":22}},"36":{"start":{"line":75,"column":30},"end":{"line":75,"column":73}},"37":{"start":{"line":76,"column":12},"end":{"line":79,"column":13}},"38":{"start":{"line":77,"column":31},"end":{"line":77,"column":99}},"39":{"start":{"line":78,"column":16},"end":{"line":78,"column":80}},"40":{"start":{"line":82,"column":33},"end":{"line":82,"column":85}},"41":{"start":{"line":83,"column":12},"end":{"line":116,"column":13}},"42":{"start":{"line":84,"column":33},"end":{"line":84,"column":35}},"43":{"start":{"line":85,"column":16},"end":{"line":87,"column":30}},"44":{"start":{"line":86,"column":20},"end":{"line":86,"column":81}},"45":{"start":{"line":89,"column":32},"end":{"line":89,"column":85}},"46":{"start":{"line":90,"column":31},"end":{"line":95,"column":17}},"47":{"start":{"line":97,"column":16},"end":{"line":101,"column":17}},"48":{"start":{"line":98,"column":20},"end":{"line":100,"column":21}},"49":{"start":{"line":99,"column":24},"end":{"line":99,"column":40}},"50":{"start":{"line":103,"column":16},"end":{"line":115,"column":19}},"51":{"start":{"line":120,"column":8},"end":{"line":129,"column":9}},"52":{"start":{"line":126,"column":12},"end":{"line":128,"column":15}},"53":{"start":{"line":131,"column":8},"end":{"line":133,"column":11}},"54":{"start":{"line":137,"column":0},"end":{"line":139,"column":2}}},"fnMap":{"0":{"name":"getAirQuality","decl":{"start":{"line":11,"column":15},"end":{"line":11,"column":28}},"loc":{"start":{"line":11,"column":39},"end":{"line":135,"column":1}},"line":11}},"branchMap":{"0":{"loc":{"start":{"line":14,"column":4},"end":{"line":23,"column":5}},"type":"if","locations":[{"start":{"line":14,"column":4},"end":{"line":23,"column":5}},{"start":{},"end":{}}],"line":14},"1":{"loc":{"start":{"line":15,"column":8},"end":{"line":20,"column":33}},"type":"binary-expr","locations":[{"start":{"line":15,"column":8},"end":{"line":15,"column":25}},{"start":{"line":16,"column":8},"end":{"line":16,"column":25}},{"start":{"line":17,"column":8},"end":{"line":17,"column":18}},{"start":{"line":18,"column":8},"end":{"line":18,"column":18}},{"start":{"line":19,"column":8},"end":{"line":19,"column":33}},{"start":{"line":20,"column":8},"end":{"line":20,"column":33}}],"line":15},"2":{"loc":{"start":{"line":28,"column":4},"end":{"line":30,"column":5}},"type":"if","locations":[{"start":{"line":28,"column":4},"end":{"line":30,"column":5}},{"start":{},"end":{}}],"line":28},"3":{"loc":{"start":{"line":28,"column":8},"end":{"line":28,"column":80}},"type":"binary-expr","locations":[{"start":{"line":28,"column":8},"end":{"line":28,"column":23}},{"start":{"line":28,"column":27},"end":{"line":28,"column":41}},{"start":{"line":28,"column":45},"end":{"line":28,"column":61}},{"start":{"line":28,"column":65},"end":{"line":28,"column":80}}],"line":28},"4":{"loc":{"start":{"line":32,"column":19},"end":{"line":32,"column":45}},"type":"binary-expr","locations":[{"start":{"line":32,"column":19},"end":{"line":32,"column":35}},{"start":{"line":32,"column":39},"end":{"line":32,"column":45}}],"line":32},"5":{"loc":{"start":{"line":33,"column":4},"end":{"line":35,"column":5}},"type":"if","locations":[{"start":{"line":33,"column":4},"end":{"line":35,"column":5}},{"start":{},"end":{}}],"line":33},"6":{"loc":{"start":{"line":41,"column":8},"end":{"line":44,"column":9}},"type":"if","locations":[{"start":{"line":41,"column":8},"end":{"line":44,"column":9}},{"start":{},"end":{}}],"line":41},"7":{"loc":{"start":{"line":47,"column":8},"end":{"line":58,"column":9}},"type":"if","locations":[{"start":{"line":47,"column":8},"end":{"line":58,"column":9}},{"start":{"line":49,"column":15},"end":{"line":58,"column":9}}],"line":47},"8":{"loc":{"start":{"line":49,"column":15},"end":{"line":58,"column":9}},"type":"if","locations":[{"start":{"line":49,"column":15},"end":{"line":58,"column":9}},{"start":{"line":51,"column":15},"end":{"line":58,"column":9}}],"line":49},"9":{"loc":{"start":{"line":76,"column":12},"end":{"line":79,"column":13}},"type":"if","locations":[{"start":{"line":76,"column":12},"end":{"line":79,"column":13}},{"start":{},"end":{}}],"line":76},"10":{"loc":{"start":{"line":83,"column":12},"end":{"line":116,"column":13}},"type":"if","locations":[{"start":{"line":83,"column":12},"end":{"line":116,"column":13}},{"start":{},"end":{}}],"line":83},"11":{"loc":{"start":{"line":86,"column":44},"end":{"line":86,"column":79}},"type":"binary-expr","locations":[{"start":{"line":86,"column":44},"end":{"line":86,"column":71}},{"start":{"line":86,"column":75},"end":{"line":86,"column":79}}],"line":86},"12":{"loc":{"start":{"line":92,"column":34},"end":{"line":92,"column":104}},"type":"cond-expr","locations":[{"start":{"line":92,"column":74},"end":{"line":92,"column":99}},{"start":{"line":92,"column":102},"end":{"line":92,"column":104}}],"line":92},"13":{"loc":{"start":{"line":93,"column":26},"end":{"line":93,"column":80}},"type":"cond-expr","locations":[{"start":{"line":93,"column":58},"end":{"line":93,"column":75}},{"start":{"line":93,"column":78},"end":{"line":93,"column":80}}],"line":93},"14":{"loc":{"start":{"line":94,"column":27},"end":{"line":94,"column":83}},"type":"cond-expr","locations":[{"start":{"line":94,"column":60},"end":{"line":94,"column":78}},{"start":{"line":94,"column":81},"end":{"line":94,"column":83}}],"line":94},"15":{"loc":{"start":{"line":98,"column":20},"end":{"line":100,"column":21}},"type":"if","locations":[{"start":{"line":98,"column":20},"end":{"line":100,"column":21}},{"start":{},"end":{}}],"line":98},"16":{"loc":{"start":{"line":104,"column":30},"end":{"line":104,"column":64}},"type":"binary-expr","locations":[{"start":{"line":104,"column":30},"end":{"line":104,"column":51}},{"start":{"line":104,"column":55},"end":{"line":104,"column":64}}],"line":104},"17":{"loc":{"start":{"line":105,"column":31},"end":{"line":105,"column":66}},"type":"binary-expr","locations":[{"start":{"line":105,"column":31},"end":{"line":105,"column":53}},{"start":{"line":105,"column":57},"end":{"line":105,"column":66}}],"line":105},"18":{"loc":{"start":{"line":120,"column":8},"end":{"line":129,"column":9}},"type":"if","locations":[{"start":{"line":120,"column":8},"end":{"line":129,"column":9}},{"start":{},"end":{}}],"line":120},"19":{"loc":{"start":{"line":121,"column":12},"end":{"line":124,"column":51}},"type":"binary-expr","locations":[{"start":{"line":121,"column":12},"end":{"line":121,"column":52}},{"start":{"line":122,"column":12},"end":{"line":122,"column":51}},{"start":{"line":123,"column":12},"end":{"line":123,"column":48}},{"start":{"line":124,"column":12},"end":{"line":124,"column":51}}],"line":121},"20":{"loc":{"start":{"line":132,"column":19},"end":{"line":132,"column":64}},"type":"binary-expr","locations":[{"start":{"line":132,"column":19},"end":{"line":132,"column":37}},{"start":{"line":132,"column":41},"end":{"line":132,"column":64}}],"line":132}},"s":{"0":1,"1":1,"2":1,"3":1,"4":1,"5":1,"6":20,"7":20,"8":5,"9":15,"10":15,"11":15,"12":2,"13":13,"14":13,"15":1,"16":12,"17":12,"18":12,"19":11,"20":2,"21":2,"22":9,"23":9,"24":1,"25":8,"26":1,"27":7,"28":7,"29":4,"30":6,"31":6,"32":6,"33":6,"34":6,"35":4,"36":4,"37":3,"38":1,"39":1,"40":2,"41":2,"42":1,"43":1,"44":1,"45":1,"46":1,"47":1,"48":2,"49":0,"50":1,"51":2,"52":1,"53":1,"54":1},"f":{"0":20},"b":{"0":[5,15],"1":[20,18,17,17,16,15],"2":[2,13],"3":[15,15,14,14],"4":[13,1],"5":[1,12],"6":[2,9],"7":[1,8],"8":[1,7],"9":[1,2],"10":[1,1],"11":[1,0],"12":[1,0],"13":[1,0],"14":[0,1],"15":[0,2],"16":[1,0],"17":[1,0],"18":[1,1],"19":[2,2,1,1],"20":[1,0]},"_coverageSchema":"1a1c01bbd47fc00a2c39e90264f33305004495a9","hash":"161048858f3d4f82d0d499a0e402c35f410a3a07"}
,"C:\\Users\\Administrator\\Documents\\GitHub\\aerocast\\server\\controllers\\searchController.js": {"path":"C:\\Users\\Administrator\\Documents\\GitHub\\aerocast\\server\\controllers\\searchController.js","statementMap":{"0":{"start":{"line":3,"column":21},"end":{"line":3,"column":56}},"1":{"start":{"line":4,"column":25},"end":{"line":4,"column":64}},"2":{"start":{"line":7,"column":17},"end":{"line":7,"column":28}},"3":{"start":{"line":9,"column":4},"end":{"line":11,"column":5}},"4":{"start":{"line":10,"column":8},"end":{"line":10,"column":76}},"5":{"start":{"line":13,"column":28},"end":{"line":13,"column":53}},"6":{"start":{"line":14,"column":21},"end":{"line":14,"column":48}},"7":{"start":{"line":16,"column":4},"end":{"line":28,"column":5}},"8":{"start":{"line":17,"column":23},"end":{"line":17,"column":67}},"9":{"start":{"line":18,"column":8},"end":{"line":20,"column":9}},"10":{"start":{"line":19,"column":12},"end":{"line":19,"column":36}},"11":{"start":{"line":22,"column":24},"end":{"line":22,"column":70}},"12":{"start":{"line":23,"column":8},"end":{"line":23,"column":62}},"13":{"start":{"line":25,"column":8},"end":{"line":25,"column":33}},"14":{"start":{"line":27,"column":8},"end":{"line":27,"column":76}},"15":{"start":{"line":31,"column":0},"end":{"line":33,"column":2}}},"fnMap":{"0":{"name":"search","decl":{"start":{"line":6,"column":15},"end":{"line":6,"column":21}},"loc":{"start":{"line":6,"column":32},"end":{"line":29,"column":1}},"line":6}},"branchMap":{"0":{"loc":{"start":{"line":9,"column":4},"end":{"line":11,"column":5}},"type":"if","locations":[{"start":{"line":9,"column":4},"end":{"line":11,"column":5}},{"start":{},"end":{}}],"line":9},"1":{"loc":{"start":{"line":9,"column":8},"end":{"line":9,"column":93}},"type":"binary-expr","locations":[{"start":{"line":9,"column":8},"end":{"line":9,"column":26}},{"start":{"line":9,"column":30},"end":{"line":9,"column":43}},{"start":{"line":9,"column":47},"end":{"line":9,"column":71}},{"start":{"line":9,"column":75},"end":{"line":9,"column":93}}],"line":9},"2":{"loc":{"start":{"line":18,"column":8},"end":{"line":20,"column":9}},"type":"if","locations":[{"start":{"line":18,"column":8},"end":{"line":20,"column":9}},{"start":{},"end":{}}],"line":18}},"s":{"0":1,"1":1,"2":9,"3":9,"4":4,"5":5,"6":5,"7":5,"8":5,"9":4,"10":1,"11":3,"12":2,"13":2,"14":2,"15":1},"f":{"0":9},"b":{"0":[4,5],"1":[9,8,8,8],"2":[1,3]},"_coverageSchema":"1a1c01bbd47fc00a2c39e90264f33305004495a9","hash":"2c77b768e3e3f565f666ef0c0bafe5b862702a1e"}
,"C:\\Users\\Administrator\\Documents\\GitHub\\aerocast\\server\\routes\\api.js": {"path":"C:\\Users\\Administrator\\Documents\\GitHub\\aerocast\\server\\routes\\api.js","statementMap":{"0":{"start":{"line":3,"column":16},"end":{"line":3,"column":34}},"1":{"start":{"line":4,"column":22},"end":{"line":4,"column":61}},"2":{"start":{"line":5,"column":25},"end":{"line":5,"column":67}},"3":{"start":{"line":6,"column":15},"end":{"line":6,"column":31}},"4":{"start":{"line":8,"column":0},"end":{"line":20,"column":1}},"5":{"start":{"line":9,"column":4},"end":{"line":9,"column":60}},"6":{"start":{"line":10,"column":4},"end":{"line":10,"column":52}},"7":{"start":{"line":12,"column":17},"end":{"line":17,"column":5}},"8":{"start":{"line":13,"column":8},"end":{"line":16,"column":11}},"9":{"start":{"line":18,"column":4},"end":{"line":18,"column":37}},"10":{"start":{"line":19,"column":4},"end":{"line":19,"column":29}},"11":{"start":{"line":22,"column":0},"end":{"line":31,"column":1}},"12":{"start":{"line":23,"column":4},"end":{"line":23,"column":51}},"13":{"start":{"line":25,"column":4},"end":{"line":30,"column":7}},"14":{"start":{"line":26,"column":8},"end":{"line":29,"column":11}},"15":{"start":{"line":33,"column":0},"end":{"line":33,"column":24}}},"fnMap":{"0":{"name":"(anonymous_0)","decl":{"start":{"line":12,"column":17},"end":{"line":12,"column":18}},"loc":{"start":{"line":12,"column":31},"end":{"line":17,"column":5}},"line":12},"1":{"name":"(anonymous_1)","decl":{"start":{"line":25,"column":26},"end":{"line":25,"column":27}},"loc":{"start":{"line":25,"column":40},"end":{"line":30,"column":5}},"line":25}},"branchMap":{"0":{"loc":{"start":{"line":8,"column":0},"end":{"line":20,"column":1}},"type":"if","locations":[{"start":{"line":8,"column":0},"end":{"line":20,"column":1}},{"start":{"line":11,"column":7},"end":{"line":20,"column":1}}],"line":8},"1":{"loc":{"start":{"line":22,"column":0},"end":{"line":31,"column":1}},"type":"if","locations":[{"start":{"line":22,"column":0},"end":{"line":31,"column":1}},{"start":{"line":24,"column":7},"end":{"line":31,"column":1}}],"line":22}},"s":{"0":1,"1":1,"2":1,"3":1,"4":1,"5":1,"6":1,"7":0,"8":0,"9":0,"10":0,"11":1,"12":1,"13":0,"14":0,"15":1},"f":{"0":0,"1":0},"b":{"0":[1,0],"1":[1,0]},"_coverageSchema":"1a1c01bbd47fc00a2c39e90264f33305004495a9","hash":"61aa5b360f5fa46dc13ad5a639024cd5b9169649"}
,"C:\\Users\\Administrator\\Documents\\GitHub\\aerocast\\server\\services\\aqiCalculator.js": {"path":"C:\\Users\\Administrator\\Documents\\GitHub\\aerocast\\server\\services\\aqiCalculator.js","statementMap":{"0":{"start":{"line":3,"column":21},"end":{"line":3,"column":45}},"1":{"start":{"line":6,"column":20},"end":{"line":12,"column":1}},"2":{"start":{"line":16,"column":4},"end":{"line":16,"column":36}},"3":{"start":{"line":16,"column":24},"end":{"line":16,"column":36}},"4":{"start":{"line":17,"column":4},"end":{"line":17,"column":31}},"5":{"start":{"line":17,"column":19},"end":{"line":17,"column":31}},"6":{"start":{"line":18,"column":4},"end":{"line":18,"column":33}},"7":{"start":{"line":18,"column":20},"end":{"line":18,"column":33}},"8":{"start":{"line":19,"column":18},"end":{"line":19,"column":71}},"9":{"start":{"line":20,"column":4},"end":{"line":20,"column":29}},"10":{"start":{"line":25,"column":4},"end":{"line":27,"column":5}},"11":{"start":{"line":26,"column":8},"end":{"line":26,"column":17}},"12":{"start":{"line":29,"column":27},"end":{"line":29,"column":49}},"13":{"start":{"line":30,"column":4},"end":{"line":39,"column":5}},"14":{"start":{"line":30,"column":17},"end":{"line":30,"column":18}},"15":{"start":{"line":31,"column":21},"end":{"line":31,"column":35}},"16":{"start":{"line":32,"column":22},"end":{"line":32,"column":40}},"17":{"start":{"line":33,"column":21},"end":{"line":33,"column":36}},"18":{"start":{"line":34,"column":22},"end":{"line":34,"column":41}},"19":{"start":{"line":36,"column":8},"end":{"line":38,"column":9}},"20":{"start":{"line":37,"column":12},"end":{"line":37,"column":60}},"21":{"start":{"line":42,"column":20},"end":{"line":42,"column":34}},"22":{"start":{"line":43,"column":17},"end":{"line":43,"column":41}},"23":{"start":{"line":44,"column":18},"end":{"line":44,"column":38}},"24":{"start":{"line":45,"column":17},"end":{"line":45,"column":42}},"25":{"start":{"line":46,"column":18},"end":{"line":46,"column":39}},"26":{"start":{"line":48,"column":25},"end":{"line":48,"column":78}},"27":{"start":{"line":49,"column":4},"end":{"line":49,"column":51}},"28":{"start":{"line":58,"column":4},"end":{"line":70,"column":5}},"29":{"start":{"line":59,"column":8},"end":{"line":59,"column":52}},"30":{"start":{"line":60,"column":8},"end":{"line":60,"column":38}},"31":{"start":{"line":61,"column":8},"end":{"line":61,"column":36}},"32":{"start":{"line":62,"column":8},"end":{"line":62,"column":34}},"33":{"start":{"line":63,"column":8},"end":{"line":63,"column":36}},"34":{"start":{"line":65,"column":8},"end":{"line":65,"column":33}},"35":{"start":{"line":66,"column":8},"end":{"line":66,"column":36}},"36":{"start":{"line":67,"column":8},"end":{"line":67,"column":34}},"37":{"start":{"line":68,"column":8},"end":{"line":68,"column":32}},"38":{"start":{"line":69,"column":8},"end":{"line":69,"column":34}},"39":{"start":{"line":72,"column":20},"end":{"line":72,"column":56}},"40":{"start":{"line":73,"column":20},"end":{"line":73,"column":55}},"41":{"start":{"line":74,"column":19},"end":{"line":74,"column":52}},"42":{"start":{"line":75,"column":18},"end":{"line":75,"column":49}},"43":{"start":{"line":76,"column":19},"end":{"line":76,"column":52}},"44":{"start":{"line":78,"column":4},"end":{"line":78,"column":61}},"45":{"start":{"line":81,"column":0},"end":{"line":86,"column":2}}},"fnMap":{"0":{"name":"interpolate","decl":{"start":{"line":15,"column":9},"end":{"line":15,"column":20}},"loc":{"start":{"line":15,"column":50},"end":{"line":21,"column":1}},"line":15},"1":{"name":"getSubIndex","decl":{"start":{"line":24,"column":9},"end":{"line":24,"column":20}},"loc":{"start":{"line":24,"column":37},"end":{"line":50,"column":1}},"line":24},"2":{"name":"calculateEAQI","decl":{"start":{"line":55,"column":9},"end":{"line":55,"column":22}},"loc":{"start":{"line":55,"column":61},"end":{"line":79,"column":1}},"line":55}},"branchMap":{"0":{"loc":{"start":{"line":16,"column":4},"end":{"line":16,"column":36}},"type":"if","locations":[{"start":{"line":16,"column":4},"end":{"line":16,"column":36}},{"start":{},"end":{}}],"line":16},"1":{"loc":{"start":{"line":17,"column":4},"end":{"line":17,"column":31}},"type":"if","locations":[{"start":{"line":17,"column":4},"end":{"line":17,"column":31}},{"start":{},"end":{}}],"line":17},"2":{"loc":{"start":{"line":18,"column":4},"end":{"line":18,"column":33}},"type":"if","locations":[{"start":{"line":18,"column":4},"end":{"line":18,"column":33}},{"start":{},"end":{}}],"line":18},"3":{"loc":{"start":{"line":25,"column":4},"end":{"line":27,"column":5}},"type":"if","locations":[{"start":{"line":25,"column":4},"end":{"line":27,"column":5}},{"start":{},"end":{}}],"line":25},"4":{"loc":{"start":{"line":25,"column":8},"end":{"line":25,"column":58}},"type":"binary-expr","locations":[{"start":{"line":25,"column":8},"end":{"line":25,"column":29}},{"start":{"line":25,"column":33},"end":{"line":25,"column":48}},{"start":{"line":25,"column":52},"end":{"line":25,"column":58}}],"line":25},"5":{"loc":{"start":{"line":36,"column":8},"end":{"line":38,"column":9}},"type":"if","locations":[{"start":{"line":36,"column":8},"end":{"line":38,"column":9}},{"start":{},"end":{}}],"line":36},"6":{"loc":{"start":{"line":58,"column":4},"end":{"line":70,"column":5}},"type":"if","locations":[{"start":{"line":58,"column":4},"end":{"line":70,"column":5}},{"start":{"line":64,"column":11},"end":{"line":70,"column":5}}],"line":58},"7":{"loc":{"start":{"line":58,"column":8},"end":{"line":58,"column":49}},"type":"binary-expr","locations":[{"start":{"line":58,"column":8},"end":{"line":58,"column":32}},{"start":{"line":58,"column":36},"end":{"line":58,"column":49}}],"line":58},"8":{"loc":{"start":{"line":59,"column":22},"end":{"line":59,"column":50}},"type":"binary-expr","locations":[{"start":{"line":59,"column":22},"end":{"line":59,"column":32}},{"start":{"line":59,"column":36},"end":{"line":59,"column":45}},{"start":{"line":59,"column":49},"end":{"line":59,"column":50}}],"line":59},"9":{"loc":{"start":{"line":60,"column":22},"end":{"line":60,"column":36}},"type":"binary-expr","locations":[{"start":{"line":60,"column":22},"end":{"line":60,"column":31}},{"start":{"line":60,"column":35},"end":{"line":60,"column":36}}],"line":60},"10":{"loc":{"start":{"line":61,"column":21},"end":{"line":61,"column":34}},"type":"binary-expr","locations":[{"start":{"line":61,"column":21},"end":{"line":61,"column":29}},{"start":{"line":61,"column":33},"end":{"line":61,"column":34}}],"line":61},"11":{"loc":{"start":{"line":62,"column":20},"end":{"line":62,"column":32}},"type":"binary-expr","locations":[{"start":{"line":62,"column":20},"end":{"line":62,"column":27}},{"start":{"line":62,"column":31},"end":{"line":62,"column":32}}],"line":62},"12":{"loc":{"start":{"line":63,"column":21},"end":{"line":63,"column":34}},"type":"binary-expr","locations":[{"start":{"line":63,"column":21},"end":{"line":63,"column":29}},{"start":{"line":63,"column":33},"end":{"line":63,"column":34}}],"line":63},"13":{"loc":{"start":{"line":65,"column":22},"end":{"line":65,"column":31}},"type":"binary-expr","locations":[{"start":{"line":65,"column":22},"end":{"line":65,"column":26}},{"start":{"line":65,"column":30},"end":{"line":65,"column":31}}],"line":65},"14":{"loc":{"start":{"line":66,"column":22},"end":{"line":66,"column":34}},"type":"binary-expr","locations":[{"start":{"line":66,"column":22},"end":{"line":66,"column":29}},{"start":{"line":66,"column":33},"end":{"line":66,"column":34}}],"line":66},"15":{"loc":{"start":{"line":67,"column":21},"end":{"line":67,"column":32}},"type":"binary-expr","locations":[{"start":{"line":67,"column":21},"end":{"line":67,"column":27}},{"start":{"line":67,"column":31},"end":{"line":67,"column":32}}],"line":67},"16":{"loc":{"start":{"line":68,"column":20},"end":{"line":68,"column":30}},"type":"binary-expr","locations":[{"start":{"line":68,"column":20},"end":{"line":68,"column":25}},{"start":{"line":68,"column":29},"end":{"line":68,"column":30}}],"line":68},"17":{"loc":{"start":{"line":69,"column":21},"end":{"line":69,"column":32}},"type":"binary-expr","locations":[{"start":{"line":69,"column":21},"end":{"line":69,"column":27}},{"start":{"line":69,"column":31},"end":{"line":69,"column":32}}],"line":69}},"s":{"0":1,"1":1,"2":34,"3":1,"4":33,"5":2,"6":31,"7":1,"8":30,"9":30,"10":49,"11":19,"12":30,"13":30,"14":30,"15":57,"16":57,"17":57,"18":57,"19":57,"20":28,"21":2,"22":2,"23":2,"24":2,"25":2,"26":2,"27":2,"28":8,"29":5,"30":5,"31":5,"32":5,"33":5,"34":3,"35":3,"36":3,"37":3,"38":3,"39":8,"40":8,"41":8,"42":8,"43":8,"44":8,"45":1},"f":{"0":34,"1":49,"2":8},"b":{"0":[1,33],"1":[2,31],"2":[1,30],"3":[19,30],"4":[49,47,46],"5":[28,29],"6":[5,3],"7":[8,5],"8":[5,1,1],"9":[5,1],"10":[5,1],"11":[5,1],"12":[5,1],"13":[3,1],"14":[3,1],"15":[3,1],"16":[3,1],"17":[3,1]},"_coverageSchema":"1a1c01bbd47fc00a2c39e90264f33305004495a9","hash":"6b01c30b609df8becc2537a2b7dfd86c6546b677"}
,"C:\\Users\\Administrator\\Documents\\GitHub\\aerocast\\server\\services\\backupAirService.js": {"path":"C:\\Users\\Administrator\\Documents\\GitHub\\aerocast\\server\\services\\backupAirService.js","statementMap":{"0":{"start":{"line":2,"column":14},"end":{"line":2,"column":30}},"1":{"start":{"line":3,"column":22},"end":{"line":3,"column":48}},"2":{"start":{"line":4,"column":18},"end":{"line":4,"column":40}},"3":{"start":{"line":6,"column":19},"end":{"line":6,"column":23}},"4":{"start":{"line":7,"column":17},"end":{"line":7,"column":32}},"5":{"start":{"line":8,"column":27},"end":{"line":8,"column":32}},"6":{"start":{"line":12,"column":19},"end":{"line":12,"column":35}},"7":{"start":{"line":13,"column":4},"end":{"line":20,"column":6}},"8":{"start":{"line":24,"column":19},"end":{"line":24,"column":45}},"9":{"start":{"line":25,"column":4},"end":{"line":27,"column":5}},"10":{"start":{"line":26,"column":8},"end":{"line":26,"column":95}},"11":{"start":{"line":29,"column":16},"end":{"line":29,"column":117}},"12":{"start":{"line":31,"column":4},"end":{"line":90,"column":5}},"13":{"start":{"line":32,"column":25},"end":{"line":32,"column":70}},"14":{"start":{"line":33,"column":21},"end":{"line":33,"column":80}},"15":{"start":{"line":36,"column":23},"end":{"line":45,"column":9}},"16":{"start":{"line":47,"column":8},"end":{"line":58,"column":9}},"17":{"start":{"line":48,"column":54},"end":{"line":48,"column":88}},"18":{"start":{"line":50,"column":12},"end":{"line":50,"column":63}},"19":{"start":{"line":51,"column":12},"end":{"line":51,"column":35}},"20":{"start":{"line":52,"column":12},"end":{"line":52,"column":37}},"21":{"start":{"line":53,"column":12},"end":{"line":53,"column":44}},"22":{"start":{"line":54,"column":12},"end":{"line":54,"column":46}},"23":{"start":{"line":55,"column":12},"end":{"line":55,"column":45}},"24":{"start":{"line":56,"column":12},"end":{"line":56,"column":34}},"25":{"start":{"line":57,"column":12},"end":{"line":57,"column":101}},"26":{"start":{"line":60,"column":27},"end":{"line":60,"column":45}},"27":{"start":{"line":63,"column":8},"end":{"line":87,"column":10}},"28":{"start":{"line":89,"column":8},"end":{"line":89,"column":20}},"29":{"start":{"line":93,"column":0},"end":{"line":95,"column":2}}},"fnMap":{"0":{"name":"extractComponents","decl":{"start":{"line":11,"column":9},"end":{"line":11,"column":26}},"loc":{"start":{"line":11,"column":39},"end":{"line":21,"column":1}},"line":11},"1":{"name":"fetchAirQuality","decl":{"start":{"line":23,"column":15},"end":{"line":23,"column":30}},"loc":{"start":{"line":23,"column":41},"end":{"line":91,"column":1}},"line":23}},"branchMap":{"0":{"loc":{"start":{"line":12,"column":19},"end":{"line":12,"column":35}},"type":"binary-expr","locations":[{"start":{"line":12,"column":19},"end":{"line":12,"column":29}},{"start":{"line":12,"column":33},"end":{"line":12,"column":35}}],"line":12},"1":{"loc":{"start":{"line":14,"column":14},"end":{"line":14,"column":30}},"type":"binary-expr","locations":[{"start":{"line":14,"column":14},"end":{"line":14,"column":25}},{"start":{"line":14,"column":29},"end":{"line":14,"column":30}}],"line":14},"2":{"loc":{"start":{"line":15,"column":15},"end":{"line":15,"column":32}},"type":"binary-expr","locations":[{"start":{"line":15,"column":15},"end":{"line":15,"column":27}},{"start":{"line":15,"column":31},"end":{"line":15,"column":32}}],"line":15},"3":{"loc":{"start":{"line":16,"column":12},"end":{"line":16,"column":26}},"type":"binary-expr","locations":[{"start":{"line":16,"column":12},"end":{"line":16,"column":21}},{"start":{"line":16,"column":25},"end":{"line":16,"column":26}}],"line":16},"4":{"loc":{"start":{"line":17,"column":13},"end":{"line":17,"column":28}},"type":"binary-expr","locations":[{"start":{"line":17,"column":13},"end":{"line":17,"column":23}},{"start":{"line":17,"column":27},"end":{"line":17,"column":28}}],"line":17},"5":{"loc":{"start":{"line":18,"column":13},"end":{"line":18,"column":28}},"type":"binary-expr","locations":[{"start":{"line":18,"column":13},"end":{"line":18,"column":23}},{"start":{"line":18,"column":27},"end":{"line":18,"column":28}}],"line":18},"6":{"loc":{"start":{"line":19,"column":12},"end":{"line":19,"column":26}},"type":"binary-expr","locations":[{"start":{"line":19,"column":12},"end":{"line":19,"column":21}},{"start":{"line":19,"column":25},"end":{"line":19,"column":26}}],"line":19},"7":{"loc":{"start":{"line":25,"column":4},"end":{"line":27,"column":5}},"type":"if","locations":[{"start":{"line":25,"column":4},"end":{"line":27,"column":5}},{"start":{},"end":{}}],"line":25},"8":{"loc":{"start":{"line":33,"column":21},"end":{"line":33,"column":80}},"type":"cond-expr","locations":[{"start":{"line":33,"column":57},"end":{"line":33,"column":75}},{"start":{"line":33,"column":78},"end":{"line":33,"column":80}}],"line":33},"9":{"loc":{"start":{"line":64,"column":22},"end":{"line":64,"column":53}},"type":"binary-expr","locations":[{"start":{"line":64,"column":22},"end":{"line":64,"column":46}},{"start":{"line":64,"column":50},"end":{"line":64,"column":53}}],"line":64},"10":{"loc":{"start":{"line":65,"column":23},"end":{"line":65,"column":54}},"type":"binary-expr","locations":[{"start":{"line":65,"column":23},"end":{"line":65,"column":47}},{"start":{"line":65,"column":51},"end":{"line":65,"column":54}}],"line":65}},"s":{"0":1,"1":1,"2":1,"3":1,"4":1,"5":1,"6":2,"7":2,"8":5,"9":5,"10":1,"11":4,"12":4,"13":4,"14":2,"15":2,"16":2,"17":2,"18":2,"19":2,"20":2,"21":2,"22":2,"23":2,"24":2,"25":2,"26":2,"27":2,"28":2,"29":1},"f":{"0":2,"1":5},"b":{"0":[2,0],"1":[2,0],"2":[2,0],"3":[2,1],"4":[2,1],"5":[2,1],"6":[2,1],"7":[1,4],"8":[2,0],"9":[2,0],"10":[2,0]},"_coverageSchema":"1a1c01bbd47fc00a2c39e90264f33305004495a9","hash":"e65f0330ae7640d4ec1c0d2d05ccbe3f27507800"}
,"C:\\Users\\Administrator\\Documents\\GitHub\\aerocast\\server\\services\\cacheService.js": {"path":"C:\\Users\\Administrator\\Documents\\GitHub\\aerocast\\server\\services\\cacheService.js","statementMap":{"0":{"start":{"line":5,"column":18},"end":{"line":5,"column":41}},"1":{"start":{"line":8,"column":22},"end":{"line":8,"column":45}},"2":{"start":{"line":10,"column":15},"end":{"line":10,"column":24}},"3":{"start":{"line":14,"column":4},"end":{"line":19,"column":5}},"4":{"start":{"line":15,"column":19},"end":{"line":15,"column":49}},"5":{"start":{"line":16,"column":8},"end":{"line":16,"column":26}},"6":{"start":{"line":18,"column":8},"end":{"line":18,"column":20}},"7":{"start":{"line":24,"column":15},"end":{"line":24,"column":34}},"8":{"start":{"line":25,"column":4},"end":{"line":33,"column":5}},"9":{"start":{"line":26,"column":18},"end":{"line":26,"column":33}},"10":{"start":{"line":27,"column":8},"end":{"line":27,"column":28}},"11":{"start":{"line":27,"column":16},"end":{"line":27,"column":28}},"12":{"start":{"line":28,"column":8},"end":{"line":31,"column":9}},"13":{"start":{"line":29,"column":12},"end":{"line":29,"column":31}},"14":{"start":{"line":30,"column":12},"end":{"line":30,"column":24}},"15":{"start":{"line":32,"column":8},"end":{"line":32,"column":22}},"16":{"start":{"line":35,"column":16},"end":{"line":35,"column":91}},"17":{"start":{"line":36,"column":4},"end":{"line":36,"column":26}},"18":{"start":{"line":36,"column":14},"end":{"line":36,"column":26}},"19":{"start":{"line":37,"column":4},"end":{"line":37,"column":64}},"20":{"start":{"line":37,"column":52},"end":{"line":37,"column":64}},"21":{"start":{"line":38,"column":4},"end":{"line":38,"column":32}},"22":{"start":{"line":43,"column":15},"end":{"line":43,"column":34}},"23":{"start":{"line":44,"column":22},"end":{"line":44,"column":52}},"24":{"start":{"line":46,"column":4},"end":{"line":49,"column":5}},"25":{"start":{"line":47,"column":8},"end":{"line":47,"column":45}},"26":{"start":{"line":48,"column":8},"end":{"line":48,"column":15}},"27":{"start":{"line":51,"column":4},"end":{"line":54,"column":6}},"28":{"start":{"line":56,"column":4},"end":{"line":56,"column":93}},"29":{"start":{"line":61,"column":15},"end":{"line":61,"column":34}},"30":{"start":{"line":62,"column":4},"end":{"line":69,"column":5}},"31":{"start":{"line":63,"column":20},"end":{"line":63,"column":30}},"32":{"start":{"line":64,"column":22},"end":{"line":64,"column":23}},"33":{"start":{"line":65,"column":8},"end":{"line":67,"column":9}},"34":{"start":{"line":66,"column":12},"end":{"line":66,"column":47}},"35":{"start":{"line":66,"column":34},"end":{"line":66,"column":47}},"36":{"start":{"line":68,"column":8},"end":{"line":68,"column":49}},"37":{"start":{"line":71,"column":23},"end":{"line":71,"column":78}},"38":{"start":{"line":72,"column":23},"end":{"line":75,"column":5}},"39":{"start":{"line":76,"column":4},"end":{"line":76,"column":68}},"40":{"start":{"line":82,"column":15},"end":{"line":82,"column":34}},"41":{"start":{"line":83,"column":4},"end":{"line":90,"column":5}},"42":{"start":{"line":84,"column":8},"end":{"line":88,"column":9}},"43":{"start":{"line":85,"column":26},"end":{"line":85,"column":37}},"44":{"start":{"line":86,"column":12},"end":{"line":86,"column":27}},"45":{"start":{"line":87,"column":12},"end":{"line":87,"column":25}},"46":{"start":{"line":89,"column":8},"end":{"line":89,"column":42}},"47":{"start":{"line":92,"column":4},"end":{"line":95,"column":5}},"48":{"start":{"line":93,"column":23},"end":{"line":93,"column":60}},"49":{"start":{"line":94,"column":8},"end":{"line":94,"column":43}},"50":{"start":{"line":96,"column":19},"end":{"line":96,"column":77}},"51":{"start":{"line":97,"column":4},"end":{"line":97,"column":39}},"52":{"start":{"line":100,"column":0},"end":{"line":100,"column":62}}},"fnMap":{"0":{"name":"getDbOrNull","decl":{"start":{"line":13,"column":15},"end":{"line":13,"column":26}},"loc":{"start":{"line":13,"column":29},"end":{"line":20,"column":1}},"line":13},"1":{"name":"getCache","decl":{"start":{"line":23,"column":15},"end":{"line":23,"column":23}},"loc":{"start":{"line":23,"column":48},"end":{"line":39,"column":1}},"line":23},"2":{"name":"setCache","decl":{"start":{"line":42,"column":15},"end":{"line":42,"column":23}},"loc":{"start":{"line":42,"column":47},"end":{"line":57,"column":1}},"line":42},"3":{"name":"getCacheStats","decl":{"start":{"line":60,"column":15},"end":{"line":60,"column":28}},"loc":{"start":{"line":60,"column":31},"end":{"line":77,"column":1}},"line":60},"4":{"name":"clear","decl":{"start":{"line":81,"column":15},"end":{"line":81,"column":20}},"loc":{"start":{"line":81,"column":26},"end":{"line":98,"column":1}},"line":81}},"branchMap":{"0":{"loc":{"start":{"line":16,"column":15},"end":{"line":16,"column":25}},"type":"binary-expr","locations":[{"start":{"line":16,"column":15},"end":{"line":16,"column":17}},{"start":{"line":16,"column":21},"end":{"line":16,"column":25}}],"line":16},"1":{"loc":{"start":{"line":23,"column":29},"end":{"line":23,"column":46}},"type":"default-arg","locations":[{"start":{"line":23,"column":41},"end":{"line":23,"column":46}}],"line":23},"2":{"loc":{"start":{"line":25,"column":4},"end":{"line":33,"column":5}},"type":"if","locations":[{"start":{"line":25,"column":4},"end":{"line":33,"column":5}},{"start":{},"end":{}}],"line":25},"3":{"loc":{"start":{"line":27,"column":8},"end":{"line":27,"column":28}},"type":"if","locations":[{"start":{"line":27,"column":8},"end":{"line":27,"column":28}},{"start":{},"end":{}}],"line":27},"4":{"loc":{"start":{"line":28,"column":8},"end":{"line":31,"column":9}},"type":"if","locations":[{"start":{"line":28,"column":8},"end":{"line":31,"column":9}},{"start":{},"end":{}}],"line":28},"5":{"loc":{"start":{"line":28,"column":12},"end":{"line":28,"column":51}},"type":"binary-expr","locations":[{"start":{"line":28,"column":12},"end":{"line":28,"column":22}},{"start":{"line":28,"column":26},"end":{"line":28,"column":51}}],"line":28},"6":{"loc":{"start":{"line":36,"column":4},"end":{"line":36,"column":26}},"type":"if","locations":[{"start":{"line":36,"column":4},"end":{"line":36,"column":26}},{"start":{},"end":{}}],"line":36},"7":{"loc":{"start":{"line":37,"column":4},"end":{"line":37,"column":64}},"type":"if","locations":[{"start":{"line":37,"column":4},"end":{"line":37,"column":64}},{"start":{},"end":{}}],"line":37},"8":{"loc":{"start":{"line":37,"column":8},"end":{"line":37,"column":50}},"type":"binary-expr","locations":[{"start":{"line":37,"column":8},"end":{"line":37,"column":18}},{"start":{"line":37,"column":22},"end":{"line":37,"column":50}}],"line":37},"9":{"loc":{"start":{"line":46,"column":4},"end":{"line":49,"column":5}},"type":"if","locations":[{"start":{"line":46,"column":4},"end":{"line":49,"column":5}},{"start":{},"end":{}}],"line":46},"10":{"loc":{"start":{"line":62,"column":4},"end":{"line":69,"column":5}},"type":"if","locations":[{"start":{"line":62,"column":4},"end":{"line":69,"column":5}},{"start":{},"end":{}}],"line":62},"11":{"loc":{"start":{"line":66,"column":12},"end":{"line":66,"column":47}},"type":"if","locations":[{"start":{"line":66,"column":12},"end":{"line":66,"column":47}},{"start":{},"end":{}}],"line":66},"12":{"loc":{"start":{"line":83,"column":4},"end":{"line":90,"column":5}},"type":"if","locations":[{"start":{"line":83,"column":4},"end":{"line":90,"column":5}},{"start":{},"end":{}}],"line":83},"13":{"loc":{"start":{"line":84,"column":8},"end":{"line":88,"column":9}},"type":"if","locations":[{"start":{"line":84,"column":8},"end":{"line":88,"column":9}},{"start":{},"end":{}}],"line":84},"14":{"loc":{"start":{"line":89,"column":15},"end":{"line":89,"column":41}},"type":"cond-expr","locations":[{"start":{"line":89,"column":36},"end":{"line":89,"column":37}},{"start":{"line":89,"column":40},"end":{"line":89,"column":41}}],"line":89},"15":{"loc":{"start":{"line":92,"column":4},"end":{"line":95,"column":5}},"type":"if","locations":[{"start":{"line":92,"column":4},"end":{"line":95,"column":5}},{"start":{},"end":{}}],"line":92},"16":{"loc":{"start":{"line":94,"column":15},"end":{"line":94,"column":42}},"type":"cond-expr","locations":[{"start":{"line":94,"column":24},"end":{"line":94,"column":38}},{"start":{"line":94,"column":41},"end":{"line":94,"column":42}}],"line":94},"17":{"loc":{"start":{"line":97,"column":11},"end":{"line":97,"column":38}},"type":"cond-expr","locations":[{"start":{"line":97,"column":20},"end":{"line":97,"column":34}},{"start":{"line":97,"column":37},"end":{"line":97,"column":38}}],"line":97}},"s":{"0":1,"1":1,"2":1,"3":24,"4":24,"5":24,"6":0,"7":8,"8":8,"9":4,"10":4,"11":1,"12":3,"13":1,"14":1,"15":2,"16":4,"17":4,"18":1,"19":3,"20":1,"21":2,"22":10,"23":10,"24":10,"25":9,"26":9,"27":1,"28":1,"29":2,"30":2,"31":1,"32":1,"33":1,"34":5,"35":2,"36":1,"37":1,"38":1,"39":1,"40":4,"41":4,"42":2,"43":1,"44":1,"45":1,"46":1,"47":2,"48":1,"49":1,"50":1,"51":1,"52":1},"f":{"0":24,"1":8,"2":10,"3":2,"4":4},"b":{"0":[24,16],"1":[4],"2":[4,4],"3":[1,3],"4":[1,2],"5":[3,2],"6":[1,3],"7":[1,2],"8":[3,2],"9":[9,1],"10":[1,1],"11":[2,3],"12":[2,2],"13":[1,1],"14":[1,0],"15":[1,1],"16":[1,0],"17":[1,0]},"_coverageSchema":"1a1c01bbd47fc00a2c39e90264f33305004495a9","hash":"bd928883669730ca3dad1ddcf675e86c26ecab32"}
,"C:\\Users\\Administrator\\Documents\\GitHub\\aerocast\\server\\services\\geocodingService.js": {"path":"C:\\Users\\Administrator\\Documents\\GitHub\\aerocast\\server\\services\\geocodingService.js","statementMap":{"0":{"start":{"line":1,"column":14},"end":{"line":1,"column":30}},"1":{"start":{"line":3,"column":19},"end":{"line":3,"column":23}},"2":{"start":{"line":6,"column":2},"end":{"line":8,"column":3}},"3":{"start":{"line":7,"column":4},"end":{"line":7,"column":14}},"4":{"start":{"line":10,"column":26},"end":{"line":10,"column":52}},"5":{"start":{"line":12,"column":16},"end":{"line":12,"column":140}},"6":{"start":{"line":13,"column":4},"end":{"line":33,"column":3}},"7":{"start":{"line":14,"column":25},"end":{"line":14,"column":70}},"8":{"start":{"line":17,"column":4},"end":{"line":19,"column":5}},"9":{"start":{"line":18,"column":6},"end":{"line":18,"column":16}},"10":{"start":{"line":21,"column":4},"end":{"line":30,"column":7}},"11":{"start":{"line":23,"column":20},"end":{"line":23,"column":74}},"12":{"start":{"line":25,"column":6},"end":{"line":29,"column":8}},"13":{"start":{"line":32,"column":4},"end":{"line":32,"column":16}},"14":{"start":{"line":36,"column":0},"end":{"line":38,"column":2}}},"fnMap":{"0":{"name":"search","decl":{"start":{"line":5,"column":15},"end":{"line":5,"column":21}},"loc":{"start":{"line":5,"column":29},"end":{"line":34,"column":1}},"line":5},"1":{"name":"(anonymous_1)","decl":{"start":{"line":21,"column":37},"end":{"line":21,"column":38}},"loc":{"start":{"line":21,"column":47},"end":{"line":30,"column":5}},"line":21}},"branchMap":{"0":{"loc":{"start":{"line":6,"column":2},"end":{"line":8,"column":3}},"type":"if","locations":[{"start":{"line":6,"column":2},"end":{"line":8,"column":3}},{"start":{},"end":{}}],"line":6},"1":{"loc":{"start":{"line":6,"column":6},"end":{"line":6,"column":58}},"type":"binary-expr","locations":[{"start":{"line":6,"column":6},"end":{"line":6,"column":12}},{"start":{"line":6,"column":16},"end":{"line":6,"column":41}},{"start":{"line":6,"column":45},"end":{"line":6,"column":58}}],"line":6},"2":{"loc":{"start":{"line":17,"column":4},"end":{"line":19,"column":5}},"type":"if","locations":[{"start":{"line":17,"column":4},"end":{"line":19,"column":5}},{"start":{},"end":{}}],"line":17},"3":{"loc":{"start":{"line":17,"column":8},"end":{"line":17,"column":63}},"type":"binary-expr","locations":[{"start":{"line":17,"column":8},"end":{"line":17,"column":22}},{"start":{"line":17,"column":26},"end":{"line":17,"column":63}}],"line":17}},"s":{"0":1,"1":1,"2":4,"3":0,"4":4,"5":4,"6":4,"7":4,"8":3,"9":1,"10":2,"11":2,"12":2,"13":1,"14":1},"f":{"0":4,"1":2},"b":{"0":[0,4],"1":[4,4,4],"2":[1,2],"3":[3,3]},"_coverageSchema":"1a1c01bbd47fc00a2c39e90264f33305004495a9","hash":"df86619d1ff180999e0ba1e629396b67a140cb15"}
,"C:\\Users\\Administrator\\Documents\\GitHub\\aerocast\\server\\services\\historyService.js": {"path":"C:\\Users\\Administrator\\Documents\\GitHub\\aerocast\\server\\services\\historyService.js","statementMap":{"0":{"start":{"line":6,"column":18},"end":{"line":6,"column":41}},"1":{"start":{"line":7,"column":32},"end":{"line":7,"column":54}},"2":{"start":{"line":10,"column":22},"end":{"line":10,"column":45}},"3":{"start":{"line":11,"column":22},"end":{"line":11,"column":30}},"4":{"start":{"line":14,"column":4},"end":{"line":19,"column":5}},"5":{"start":{"line":15,"column":19},"end":{"line":15,"column":49}},"6":{"start":{"line":16,"column":8},"end":{"line":16,"column":26}},"7":{"start":{"line":18,"column":8},"end":{"line":18,"column":20}},"8":{"start":{"line":24,"column":18},"end":{"line":24,"column":43}},"9":{"start":{"line":26,"column":4},"end":{"line":28,"column":5}},"10":{"start":{"line":27,"column":8},"end":{"line":27,"column":33}},"11":{"start":{"line":30,"column":24},"end":{"line":32,"column":15}},"12":{"start":{"line":33,"column":4},"end":{"line":33,"column":56}},"13":{"start":{"line":39,"column":15},"end":{"line":39,"column":34}},"14":{"start":{"line":40,"column":4},"end":{"line":40,"column":20}},"15":{"start":{"line":40,"column":13},"end":{"line":40,"column":20}},"16":{"start":{"line":42,"column":57},"end":{"line":42,"column":67}},"17":{"start":{"line":43,"column":4},"end":{"line":43,"column":55}},"18":{"start":{"line":43,"column":48},"end":{"line":43,"column":55}},"19":{"start":{"line":45,"column":16},"end":{"line":45,"column":26}},"20":{"start":{"line":46,"column":19},"end":{"line":46,"column":43}},"21":{"start":{"line":47,"column":23},"end":{"line":47,"column":78}},"22":{"start":{"line":47,"column":61},"end":{"line":47,"column":77}},"23":{"start":{"line":49,"column":17},"end":{"line":49,"column":52}},"24":{"start":{"line":50,"column":17},"end":{"line":50,"column":53}},"25":{"start":{"line":52,"column":4},"end":{"line":75,"column":5}},"26":{"start":{"line":53,"column":8},"end":{"line":69,"column":9}},"27":{"start":{"line":53,"column":21},"end":{"line":53,"column":22}},"28":{"start":{"line":54,"column":30},"end":{"line":54,"column":69}},"29":{"start":{"line":56,"column":12},"end":{"line":56,"column":74}},"30":{"start":{"line":56,"column":65},"end":{"line":56,"column":74}},"31":{"start":{"line":58,"column":26},"end":{"line":58,"column":28}},"32":{"start":{"line":59,"column":12},"end":{"line":62,"column":13}},"33":{"start":{"line":60,"column":31},"end":{"line":60,"column":44}},"34":{"start":{"line":61,"column":16},"end":{"line":61,"column":68}},"35":{"start":{"line":61,"column":43},"end":{"line":61,"column":68}},"36":{"start":{"line":63,"column":12},"end":{"line":63,"column":58}},"37":{"start":{"line":63,"column":49},"end":{"line":63,"column":58}},"38":{"start":{"line":65,"column":12},"end":{"line":68,"column":14}},"39":{"start":{"line":72,"column":8},"end":{"line":72,"column":99}},"40":{"start":{"line":80,"column":15},"end":{"line":80,"column":34}},"41":{"start":{"line":81,"column":4},"end":{"line":81,"column":25}},"42":{"start":{"line":81,"column":13},"end":{"line":81,"column":25}},"43":{"start":{"line":83,"column":17},"end":{"line":83,"column":47}},"44":{"start":{"line":84,"column":17},"end":{"line":84,"column":47}},"45":{"start":{"line":86,"column":4},"end":{"line":93,"column":5}},"46":{"start":{"line":87,"column":8},"end":{"line":90,"column":10}},"47":{"start":{"line":92,"column":8},"end":{"line":92,"column":20}},"48":{"start":{"line":98,"column":4},"end":{"line":100,"column":5}},"49":{"start":{"line":99,"column":8},"end":{"line":99,"column":25}},"50":{"start":{"line":103,"column":17},"end":{"line":103,"column":47}},"51":{"start":{"line":104,"column":17},"end":{"line":104,"column":47}},"52":{"start":{"line":106,"column":15},"end":{"line":106,"column":34}},"53":{"start":{"line":107,"column":24},"end":{"line":116,"column":12}},"54":{"start":{"line":120,"column":19},"end":{"line":120,"column":28}},"55":{"start":{"line":121,"column":22},"end":{"line":121,"column":43}},"56":{"start":{"line":122,"column":23},"end":{"line":122,"column":88}},"57":{"start":{"line":122,"column":71},"end":{"line":122,"column":87}},"58":{"start":{"line":124,"column":4},"end":{"line":131,"column":7}},"59":{"start":{"line":125,"column":23},"end":{"line":125,"column":25}},"60":{"start":{"line":126,"column":8},"end":{"line":129,"column":9}},"61":{"start":{"line":127,"column":24},"end":{"line":127,"column":47}},"62":{"start":{"line":128,"column":12},"end":{"line":128,"column":59}},"63":{"start":{"line":128,"column":36},"end":{"line":128,"column":59}},"64":{"start":{"line":130,"column":8},"end":{"line":130,"column":44}},"65":{"start":{"line":133,"column":23},"end":{"line":133,"column":28}},"66":{"start":{"line":134,"column":4},"end":{"line":145,"column":5}},"67":{"start":{"line":135,"column":24},"end":{"line":135,"column":58}},"68":{"start":{"line":136,"column":8},"end":{"line":136,"column":42}},"69":{"start":{"line":136,"column":33},"end":{"line":136,"column":42}},"70":{"start":{"line":137,"column":21},"end":{"line":137,"column":23}},"71":{"start":{"line":138,"column":8},"end":{"line":142,"column":9}},"72":{"start":{"line":139,"column":12},"end":{"line":139,"column":52}},"73":{"start":{"line":141,"column":12},"end":{"line":141,"column":24}},"74":{"start":{"line":143,"column":8},"end":{"line":143,"column":42}},"75":{"start":{"line":144,"column":8},"end":{"line":144,"column":28}},"76":{"start":{"line":147,"column":23},"end":{"line":147,"column":48}},"77":{"start":{"line":149,"column":19},"end":{"line":149,"column":35}},"78":{"start":{"line":150,"column":4},"end":{"line":150,"column":41}},"79":{"start":{"line":151,"column":4},"end":{"line":155,"column":5}},"80":{"start":{"line":152,"column":8},"end":{"line":154,"column":10}},"81":{"start":{"line":153,"column":26},"end":{"line":153,"column":126}},"82":{"start":{"line":158,"column":4},"end":{"line":158,"column":51}},"83":{"start":{"line":158,"column":22},"end":{"line":158,"column":51}},"84":{"start":{"line":160,"column":4},"end":{"line":160,"column":18}},"85":{"start":{"line":163,"column":0},"end":{"line":163,"column":65}}},"fnMap":{"0":{"name":"getDbOrNull","decl":{"start":{"line":13,"column":15},"end":{"line":13,"column":26}},"loc":{"start":{"line":13,"column":29},"end":{"line":20,"column":1}},"line":13},"1":{"name":"parseMoscowHourToMillis","decl":{"start":{"line":23,"column":9},"end":{"line":23,"column":32}},"loc":{"start":{"line":23,"column":45},"end":{"line":34,"column":1}},"line":23},"2":{"name":"saveFromResponse","decl":{"start":{"line":38,"column":15},"end":{"line":38,"column":31}},"loc":{"start":{"line":38,"column":38},"end":{"line":76,"column":1}},"line":38},"3":{"name":"(anonymous_3)","decl":{"start":{"line":47,"column":50},"end":{"line":47,"column":51}},"loc":{"start":{"line":47,"column":61},"end":{"line":47,"column":77}},"line":47},"4":{"name":"getLatest","decl":{"start":{"line":79,"column":15},"end":{"line":79,"column":24}},"loc":{"start":{"line":79,"column":35},"end":{"line":94,"column":1}},"line":79},"5":{"name":"mergeWithFresh","decl":{"start":{"line":97,"column":15},"end":{"line":97,"column":29}},"loc":{"start":{"line":97,"column":51},"end":{"line":161,"column":1}},"line":97},"6":{"name":"(anonymous_6)","decl":{"start":{"line":122,"column":60},"end":{"line":122,"column":61}},"loc":{"start":{"line":122,"column":71},"end":{"line":122,"column":87}},"line":122},"7":{"name":"(anonymous_7)","decl":{"start":{"line":124,"column":22},"end":{"line":124,"column":23}},"loc":{"start":{"line":124,"column":38},"end":{"line":131,"column":5}},"line":124},"8":{"name":"(anonymous_8)","decl":{"start":{"line":153,"column":12},"end":{"line":153,"column":13}},"loc":{"start":{"line":153,"column":26},"end":{"line":153,"column":126}},"line":153}},"branchMap":{"0":{"loc":{"start":{"line":16,"column":15},"end":{"line":16,"column":25}},"type":"binary-expr","locations":[{"start":{"line":16,"column":15},"end":{"line":16,"column":17}},{"start":{"line":16,"column":21},"end":{"line":16,"column":25}}],"line":16},"1":{"loc":{"start":{"line":26,"column":4},"end":{"line":28,"column":5}},"type":"if","locations":[{"start":{"line":26,"column":4},"end":{"line":28,"column":5}},{"start":{},"end":{}}],"line":26},"2":{"loc":{"start":{"line":26,"column":8},"end":{"line":26,"column":61}},"type":"binary-expr","locations":[{"start":{"line":26,"column":8},"end":{"line":26,"column":27}},{"start":{"line":26,"column":31},"end":{"line":26,"column":61}}],"line":26},"3":{"loc":{"start":{"line":30,"column":24},"end":{"line":32,"column":15}},"type":"cond-expr","locations":[{"start":{"line":31,"column":10},"end":{"line":31,"column":23}},{"start":{"line":32,"column":10},"end":{"line":32,"column":15}}],"line":30},"4":{"loc":{"start":{"line":40,"column":4},"end":{"line":40,"column":20}},"type":"if","locations":[{"start":{"line":40,"column":4},"end":{"line":40,"column":20}},{"start":{},"end":{}}],"line":40},"5":{"loc":{"start":{"line":42,"column":57},"end":{"line":42,"column":67}},"type":"binary-expr","locations":[{"start":{"line":42,"column":57},"end":{"line":42,"column":61}},{"start":{"line":42,"column":65},"end":{"line":42,"column":67}}],"line":42},"6":{"loc":{"start":{"line":43,"column":4},"end":{"line":43,"column":55}},"type":"if","locations":[{"start":{"line":43,"column":4},"end":{"line":43,"column":55}},{"start":{},"end":{}}],"line":43},"7":{"loc":{"start":{"line":43,"column":8},"end":{"line":43,"column":46}},"type":"binary-expr","locations":[{"start":{"line":43,"column":8},"end":{"line":43,"column":15}},{"start":{"line":43,"column":19},"end":{"line":43,"column":46}}],"line":43},"8":{"loc":{"start":{"line":46,"column":19},"end":{"line":46,"column":43}},"type":"binary-expr","locations":[{"start":{"line":46,"column":19},"end":{"line":46,"column":30}},{"start":{"line":46,"column":34},"end":{"line":46,"column":43}}],"line":46},"9":{"loc":{"start":{"line":56,"column":12},"end":{"line":56,"column":74}},"type":"if","locations":[{"start":{"line":56,"column":12},"end":{"line":56,"column":74}},{"start":{},"end":{}}],"line":56},"10":{"loc":{"start":{"line":56,"column":16},"end":{"line":56,"column":63}},"type":"binary-expr","locations":[{"start":{"line":56,"column":16},"end":{"line":56,"column":43}},{"start":{"line":56,"column":47},"end":{"line":56,"column":63}}],"line":56},"11":{"loc":{"start":{"line":61,"column":16},"end":{"line":61,"column":68}},"type":"if","locations":[{"start":{"line":61,"column":16},"end":{"line":61,"column":68}},{"start":{},"end":{}}],"line":61},"12":{"loc":{"start":{"line":63,"column":12},"end":{"line":63,"column":58}},"type":"if","locations":[{"start":{"line":63,"column":12},"end":{"line":63,"column":58}},{"start":{},"end":{}}],"line":63},"13":{"loc":{"start":{"line":81,"column":4},"end":{"line":81,"column":25}},"type":"if","locations":[{"start":{"line":81,"column":4},"end":{"line":81,"column":25}},{"start":{},"end":{}}],"line":81},"14":{"loc":{"start":{"line":98,"column":4},"end":{"line":100,"column":5}},"type":"if","locations":[{"start":{"line":98,"column":4},"end":{"line":100,"column":5}},{"start":{},"end":{}}],"line":98},"15":{"loc":{"start":{"line":98,"column":8},"end":{"line":98,"column":118}},"type":"binary-expr","locations":[{"start":{"line":98,"column":8},"end":{"line":98,"column":18}},{"start":{"line":98,"column":22},"end":{"line":98,"column":39}},{"start":{"line":98,"column":43},"end":{"line":98,"column":80}},{"start":{"line":98,"column":84},"end":{"line":98,"column":118}}],"line":98},"16":{"loc":{"start":{"line":107,"column":24},"end":{"line":116,"column":12}},"type":"cond-expr","locations":[{"start":{"line":108,"column":10},"end":{"line":115,"column":9}},{"start":{"line":116,"column":10},"end":{"line":116,"column":12}}],"line":107},"17":{"loc":{"start":{"line":128,"column":12},"end":{"line":128,"column":59}},"type":"if","locations":[{"start":{"line":128,"column":12},"end":{"line":128,"column":59}},{"start":{},"end":{}}],"line":128},"18":{"loc":{"start":{"line":136,"column":8},"end":{"line":136,"column":42}},"type":"if","locations":[{"start":{"line":136,"column":8},"end":{"line":136,"column":42}},{"start":{},"end":{}}],"line":136},"19":{"loc":{"start":{"line":143,"column":28},"end":{"line":143,"column":40}},"type":"binary-expr","locations":[{"start":{"line":143,"column":28},"end":{"line":143,"column":34}},{"start":{"line":143,"column":38},"end":{"line":143,"column":40}}],"line":143},"20":{"loc":{"start":{"line":153,"column":26},"end":{"line":153,"column":126}},"type":"cond-expr","locations":[{"start":{"line":153,"column":93},"end":{"line":153,"column":119}},{"start":{"line":153,"column":122},"end":{"line":153,"column":126}}],"line":153},"21":{"loc":{"start":{"line":158,"column":4},"end":{"line":158,"column":51}},"type":"if","locations":[{"start":{"line":158,"column":4},"end":{"line":158,"column":51}},{"start":{},"end":{}}],"line":158}},"s":{"0":1,"1":1,"2":1,"3":1,"4":5,"5":5,"6":5,"7":0,"8":4,"9":4,"10":0,"11":4,"12":4,"13":3,"14":3,"15":0,"16":3,"17":3,"18":0,"19":3,"20":3,"21":3,"22":7,"23":3,"24":3,"25":3,"26":3,"27":3,"28":4,"29":4,"30":1,"31":3,"32":3,"33":4,"34":4,"35":4,"36":3,"37":0,"38":3,"39":2,"40":1,"41":1,"42":0,"43":1,"44":1,"45":1,"46":1,"47":0,"48":2,"49":1,"50":1,"51":1,"52":1,"53":1,"54":1,"55":1,"56":1,"57":2,"58":1,"59":1,"60":1,"61":1,"62":1,"63":1,"64":1,"65":1,"66":1,"67":2,"68":2,"69":1,"70":1,"71":1,"72":1,"73":0,"74":1,"75":1,"76":1,"77":1,"78":1,"79":1,"80":1,"81":2,"82":1,"83":1,"84":1,"85":1},"f":{"0":5,"1":4,"2":3,"3":7,"4":1,"5":2,"6":2,"7":1,"8":2},"b":{"0":[5,0],"1":[0,4],"2":[4,4],"3":[4,0],"4":[0,3],"5":[3,0],"6":[0,3],"7":[3,3],"8":[3,1],"9":[1,3],"10":[4,4],"11":[4,0],"12":[0,3],"13":[0,1],"14":[1,1],"15":[2,2,2,1],"16":[1,0],"17":[1,0],"18":[1,1],"19":[1,0],"20":[2,0],"21":[1,0]},"_coverageSchema":"1a1c01bbd47fc00a2c39e90264f33305004495a9","hash":"055ebf5cc65e048bd73829bbe326db09b936e4ca"}
,"C:\\Users\\Administrator\\Documents\\GitHub\\aerocast\\server\\services\\primaryAirService.js": {"path":"C:\\Users\\Administrator\\Documents\\GitHub\\aerocast\\server\\services\\primaryAirService.js","statementMap":{"0":{"start":{"line":1,"column":14},"end":{"line":1,"column":30}},"1":{"start":{"line":3,"column":19},"end":{"line":3,"column":23}},"2":{"start":{"line":9,"column":16},"end":{"line":9,"column":277}},"3":{"start":{"line":11,"column":4},"end":{"line":23,"column":5}},"4":{"start":{"line":13,"column":25},"end":{"line":13,"column":70}},"5":{"start":{"line":16,"column":8},"end":{"line":19,"column":10}},"6":{"start":{"line":22,"column":8},"end":{"line":22,"column":20}},"7":{"start":{"line":26,"column":0},"end":{"line":28,"column":2}}},"fnMap":{"0":{"name":"fetchAirQuality","decl":{"start":{"line":7,"column":15},"end":{"line":7,"column":30}},"loc":{"start":{"line":7,"column":41},"end":{"line":24,"column":1}},"line":7}},"branchMap":{},"s":{"0":1,"1":1,"2":4,"3":4,"4":4,"5":2,"6":2,"7":1},"f":{"0":4},"b":{},"_coverageSchema":"1a1c01bbd47fc00a2c39e90264f33305004495a9","hash":"cf5d23026274042f2970c45a6074b517cc239823"}
,"C:\\Users\\Administrator\\Documents\\GitHub\\aerocast\\server\\services\\timeUtils.js": {"path":"C:\\Users\\Administrator\\Documents\\GitHub\\aerocast\\server\\services\\timeUtils.js","statementMap":{"0":{"start":{"line":5,"column":17},"end":{"line":5,"column":32}},"1":{"start":{"line":10,"column":17},"end":{"line":10,"column":45}},"2":{"start":{"line":11,"column":18},"end":{"line":19,"column":26}},"3":{"start":{"line":21,"column":16},"end":{"line":21,"column":72}},"4":{"start":{"line":21,"column":26},"end":{"line":21,"column":72}},"5":{"start":{"line":21,"column":47},"end":{"line":21,"column":65}},"6":{"start":{"line":22,"column":4},"end":{"line":22,"column":90}},"7":{"start":{"line":27,"column":4},"end":{"line":27,"column":46}},"8":{"start":{"line":30,"column":0},"end":{"line":33,"column":2}}},"fnMap":{"0":{"name":"formatIsoHour","decl":{"start":{"line":9,"column":9},"end":{"line":9,"column":22}},"loc":{"start":{"line":9,"column":36},"end":{"line":23,"column":1}},"line":9},"1":{"name":"(anonymous_1)","decl":{"start":{"line":21,"column":16},"end":{"line":21,"column":17}},"loc":{"start":{"line":21,"column":26},"end":{"line":21,"column":72}},"line":21},"2":{"name":"(anonymous_2)","decl":{"start":{"line":21,"column":37},"end":{"line":21,"column":38}},"loc":{"start":{"line":21,"column":47},"end":{"line":21,"column":65}},"line":21},"3":{"name":"formatIsoHourMillis","decl":{"start":{"line":26,"column":9},"end":{"line":26,"column":28}},"loc":{"start":{"line":26,"column":43},"end":{"line":28,"column":1}},"line":26}},"branchMap":{},"s":{"0":4,"1":20,"2":20,"3":20,"4":100,"5":500,"6":20,"7":7,"8":4},"f":{"0":20,"1":100,"2":500,"3":7},"b":{},"_coverageSchema":"1a1c01bbd47fc00a2c39e90264f33305004495a9","hash":"3d36226c6f67bd68b9f0d35720038f643ef846cf"}
}
