TN:
SF:config\db.js
FN:16,migrate
FN:39,openDB
FN:42,(anonymous_2)
FN:51,getDB
FN:59,initDB
FN:64,closeDB
FNF:6
FNH:5
FNDA:6,migrate
FNDA:6,openDB
FNDA:0,(anonymous_2)
FNDA:7,getDB
FNDA:1,initDB
FNDA:6,closeDB
DA:5,5
DA:6,5
DA:7,5
DA:11,5
DA:13,5
DA:17,6
DA:35,6
DA:40,6
DA:43,0
DA:44,0
DA:46,6
DA:52,7
DA:53,6
DA:55,7
DA:60,1
DA:65,6
DA:66,6
DA:67,6
DA:68,6
DA:71,5
LF:20
LH:18
BRDA:11,0,0,5
BRDA:11,0,1,0
BRDA:52,1,0,6
BRDA:52,1,1,1
BRDA:65,2,0,0
BRDA:65,2,1,6
BRF:6
BRH:4
end_of_record
TN:
SF:controllers\airController.js
FN:11,getAirQuality
FNF:1
FNH:1
FNDA:20,getAirQuality
DA:3,1
DA:4,1
DA:5,1
DA:6,1
DA:7,1
DA:9,1
DA:12,20
DA:14,20
DA:22,5
DA:25,15
DA:26,15
DA:28,15
DA:29,2
DA:32,13
DA:33,13
DA:34,1
DA:37,12
DA:39,12
DA:40,12
DA:41,11
DA:42,2
DA:43,2
DA:46,9
DA:47,9
DA:48,1
DA:49,8
DA:50,1
DA:53,7
DA:54,7
DA:56,4
DA:61,6
DA:64,6
DA:65,6
DA:69,6
DA:70,6
DA:73,4
DA:75,4
DA:76,3
DA:77,1
DA:78,1
DA:82,2
DA:83,2
DA:84,1
DA:85,1
DA:86,1
DA:89,1
DA:90,1
DA:97,1
DA:98,2
DA:99,0
DA:103,1
DA:120,2
DA:126,1
DA:131,1
DA:137,1
LF:55
LH:54
BRDA:14,0,0,5
BRDA:14,0,1,15
BRDA:15,1,0,20
BRDA:15,1,1,18
BRDA:15,1,2,17
BRDA:15,1,3,17
BRDA:15,1,4,16
BRDA:15,1,5,15
BRDA:28,2,0,2
BRDA:28,2,1,13
BRDA:28,3,0,15
BRDA:28,3,1,15
BRDA:28,3,2,14
BRDA:28,3,3,14
BRDA:32,4,0,13
BRDA:32,4,1,1
BRDA:33,5,0,1
BRDA:33,5,1,12
BRDA:41,6,0,2
BRDA:41,6,1,9
BRDA:47,7,0,1
BRDA:47,7,1,8
BRDA:49,8,0,1
BRDA:49,8,1,7
BRDA:76,9,0,1
BRDA:76,9,1,2
BRDA:83,10,0,1
BRDA:83,10,1,1
BRDA:86,11,0,1
BRDA:86,11,1,0
BRDA:92,12,0,1
BRDA:92,12,1,0
BRDA:93,13,0,1
BRDA:93,13,1,0
BRDA:94,14,0,0
BRDA:94,14,1,1
BRDA:98,15,0,0
BRDA:98,15,1,2
BRDA:104,16,0,1
BRDA:104,16,1,0
BRDA:105,17,0,1
BRDA:105,17,1,0
BRDA:120,18,0,1
BRDA:120,18,1,1
BRDA:121,19,0,2
BRDA:121,19,1,2
BRDA:121,19,2,1
BRDA:121,19,3,1
BRDA:132,20,0,1
BRDA:132,20,1,0
BRF:50
BRH:42
end_of_record
TN:
SF:controllers\searchController.js
FN:6,search
FNF:1
FNH:1
FNDA:9,search
DA:3,1
DA:4,1
DA:7,9
DA:9,9
DA:10,4
DA:13,5
DA:14,5
DA:16,5
DA:17,5
DA:18,4
DA:19,1
DA:22,3
DA:23,2
DA:25,2
DA:27,2
DA:31,1
LF:16
LH:16
BRDA:9,0,0,4
BRDA:9,0,1,5
BRDA:9,1,0,9
BRDA:9,1,1,8
BRDA:9,1,2,8
BRDA:9,1,3,8
BRDA:18,2,0,1
BRDA:18,2,1,3
BRF:8
BRH:8
end_of_record
TN:
SF:routes\api.js
FN:12,(anonymous_0)
FN:25,(anonymous_1)
FNF:2
FNH:0
FNDA:0,(anonymous_0)
FNDA:0,(anonymous_1)
DA:3,1
DA:4,1
DA:5,1
DA:6,1
DA:8,1
DA:9,1
DA:10,1
DA:12,0
DA:13,0
DA:18,0
DA:19,0
DA:22,1
DA:23,1
DA:25,0
DA:26,0
DA:33,1
LF:16
LH:10
BRDA:8,0,0,1
BRDA:8,0,1,0
BRDA:22,1,0,1
BRDA:22,1,1,0
BRF:4
BRH:2
end_of_record
TN:
SF:services\aqiCalculator.js
FN:15,interpolate
FN:24,getSubIndex
FN:55,calculateEAQI
FNF:3
FNH:3
FNDA:34,interpolate
FNDA:49,getSubIndex
FNDA:8,calculateEAQI
DA:3,1
DA:6,1
DA:16,34
DA:17,33
DA:18,31
DA:19,30
DA:20,30
DA:25,49
DA:26,19
DA:29,30
DA:30,30
DA:31,57
DA:32,57
DA:33,57
DA:34,57
DA:36,57
DA:37,28
DA:42,2
DA:43,2
DA:44,2
DA:45,2
DA:46,2
DA:48,2
DA:49,2
DA:58,8
DA:59,5
DA:60,5
DA:61,5
DA:62,5
DA:63,5
DA:65,3
DA:66,3
DA:67,3
DA:68,3
DA:69,3
DA:72,8
DA:73,8
DA:74,8
DA:75,8
DA:76,8
DA:78,8
DA:81,1
LF:42
LH:42
BRDA:16,0,0,1
BRDA:16,0,1,33
BRDA:17,1,0,2
BRDA:17,1,1,31
BRDA:18,2,0,1
BRDA:18,2,1,30
BRDA:25,3,0,19
BRDA:25,3,1,30
BRDA:25,4,0,49
BRDA:25,4,1,47
BRDA:25,4,2,46
BRDA:36,5,0,28
BRDA:36,5,1,29
BRDA:58,6,0,5
BRDA:58,6,1,3
BRDA:58,7,0,8
BRDA:58,7,1,5
BRDA:59,8,0,5
BRDA:59,8,1,1
BRDA:59,8,2,1
BRDA:60,9,0,5
BRDA:60,9,1,1
BRDA:61,10,0,5
BRDA:61,10,1,1
BRDA:62,11,0,5
BRDA:62,11,1,1
BRDA:63,12,0,5
BRDA:63,12,1,1
BRDA:65,13,0,3
BRDA:65,13,1,1
BRDA:66,14,0,3
BRDA:66,14,1,1
BRDA:67,15,0,3
BRDA:67,15,1,1
BRDA:68,16,0,3
BRDA:68,16,1,1
BRDA:69,17,0,3
BRDA:69,17,1,1
BRF:38
BRH:38
end_of_record
TN:
SF:services\backupAirService.js
FN:11,extractComponents
FN:23,fetchAirQuality
FNF:2
FNH:2
FNDA:2,extractComponents
FNDA:5,fetchAirQuality
DA:2,1
DA:3,1
DA:4,1
DA:6,1
DA:7,1
DA:8,1
DA:12,2
DA:13,2
DA:24,5
DA:25,5
DA:26,1
DA:29,4
DA:31,4
DA:32,4
DA:33,2
DA:36,2
DA:47,2
DA:48,2
DA:50,2
DA:51,2
DA:52,2
DA:53,2
DA:54,2
DA:55,2
DA:56,2
DA:57,2
DA:60,2
DA:63,2
DA:89,2
DA:93,1
LF:30
LH:30
BRDA:12,0,0,2
BRDA:12,0,1,0
BRDA:14,1,0,2
BRDA:14,1,1,0
BRDA:15,2,0,2
BRDA:15,2,1,0
BRDA:16,3,0,2
BRDA:16,3,1,1
BRDA:17,4,0,2
BRDA:17,4,1,1
BRDA:18,5,0,2
BRDA:18,5,1,1
BRDA:19,6,0,2
BRDA:19,6,1,1
BRDA:25,7,0,1
BRDA:25,7,1,4
BRDA:33,8,0,2
BRDA:33,8,1,0
BRDA:64,9,0,2
BRDA:64,9,1,0
BRDA:65,10,0,2
BRDA:65,10,1,0
BRF:22
BRH:16
end_of_record
TN:
SF:services\cacheService.js
FN:13,getDbOrNull
FN:23,getCache
FN:42,setCache
FN:60,getCacheStats
FN:81,clear
FNF:5
FNH:5
FNDA:24,getDbOrNull
FNDA:8,getCache
FNDA:10,setCache
FNDA:2,getCacheStats
FNDA:4,clear
DA:5,1
DA:8,1
DA:10,1
DA:14,24
DA:15,24
DA:16,24
DA:18,0
DA:24,8
DA:25,8
DA:26,4
DA:27,4
DA:28,3
DA:29,1
DA:30,1
DA:32,2
DA:35,4
DA:36,4
DA:37,3
DA:38,2
DA:43,10
DA:44,10
DA:46,10
DA:47,9
DA:48,9
DA:51,1
DA:56,1
DA:61,2
DA:62,2
DA:63,1
DA:64,1
DA:65,1
DA:66,5
DA:68,1
DA:71,1
DA:72,1
DA:76,1
DA:82,4
DA:83,4
DA:84,2
DA:85,1
DA:86,1
DA:87,1
DA:89,1
DA:92,2
DA:93,1
DA:94,1
DA:96,1
DA:97,1
DA:100,1
LF:49
LH:48
BRDA:16,0,0,24
BRDA:16,0,1,16
BRDA:23,1,0,4
BRDA:25,2,0,4
BRDA:25,2,1,4
BRDA:27,3,0,1
BRDA:27,3,1,3
BRDA:28,4,0,1
BRDA:28,4,1,2
BRDA:28,5,0,3
BRDA:28,5,1,2
BRDA:36,6,0,1
BRDA:36,6,1,3
BRDA:37,7,0,1
BRDA:37,7,1,2
BRDA:37,8,0,3
BRDA:37,8,1,2
BRDA:46,9,0,9
BRDA:46,9,1,1
BRDA:62,10,0,1
BRDA:62,10,1,1
BRDA:66,11,0,2
BRDA:66,11,1,3
BRDA:83,12,0,2
BRDA:83,12,1,2
BRDA:84,13,0,1
BRDA:84,13,1,1
BRDA:89,14,0,1
BRDA:89,14,1,0
BRDA:92,15,0,1
BRDA:92,15,1,1
BRDA:94,16,0,1
BRDA:94,16,1,0
BRDA:97,17,0,1
BRDA:97,17,1,0
BRF:35
BRH:32
end_of_record
TN:
SF:services\geocodingService.js
FN:5,search
FN:21,(anonymous_1)
FNF:2
FNH:2
FNDA:4,search
FNDA:2,(anonymous_1)
DA:1,1
DA:3,1
DA:6,4
DA:7,0
DA:10,4
DA:12,4
DA:13,4
DA:14,4
DA:17,3
DA:18,1
DA:21,2
DA:23,2
DA:25,2
DA:32,1
DA:36,1
LF:15
LH:14
BRDA:6,0,0,0
BRDA:6,0,1,4
BRDA:6,1,0,4
BRDA:6,1,1,4
BRDA:6,1,2,4
BRDA:17,2,0,1
BRDA:17,2,1,2
BRDA:17,3,0,3
BRDA:17,3,1,3
BRF:9
BRH:8
end_of_record
TN:
SF:services\historyService.js
FN:13,getDbOrNull
FN:23,parseMoscowHourToMillis
FN:38,saveFromResponse
FN:47,(anonymous_3)
FN:79,getLatest
FN:97,mergeWithFresh
FN:122,(anonymous_6)
FN:124,(anonymous_7)
FN:153,(anonymous_8)
FNF:9
FNH:9
FNDA:5,getDbOrNull
FNDA:4,parseMoscowHourToMillis
FNDA:3,saveFromResponse
FNDA:7,(anonymous_3)
FNDA:1,getLatest
FNDA:2,mergeWithFresh
FNDA:2,(anonymous_6)
FNDA:1,(anonymous_7)
FNDA:2,(anonymous_8)
DA:6,1
DA:7,1
DA:10,1
DA:11,1
DA:14,5
DA:15,5
DA:16,5
DA:18,0
DA:24,4
DA:26,4
DA:27,0
DA:30,4
DA:33,4
DA:39,3
DA:40,3
DA:42,3
DA:43,3
DA:45,3
DA:46,3
DA:47,7
DA:49,3
DA:50,3
DA:52,3
DA:53,3
DA:54,4
DA:56,4
DA:58,3
DA:59,3
DA:60,4
DA:61,4
DA:63,3
DA:65,3
DA:72,2
DA:80,1
DA:81,1
DA:83,1
DA:84,1
DA:86,1
DA:87,1
DA:92,0
DA:98,2
DA:99,1
DA:103,1
DA:104,1
DA:106,1
DA:107,1
DA:120,1
DA:121,1
DA:122,2
DA:124,1
DA:125,1
DA:126,1
DA:127,1
DA:128,1
DA:130,1
DA:133,1
DA:134,1
DA:135,2
DA:136,2
DA:137,1
DA:138,1
DA:139,1
DA:141,0
DA:143,1
DA:144,1
DA:147,1
DA:149,1
DA:150,1
DA:151,1
DA:152,1
DA:153,2
DA:158,1
DA:160,1
DA:163,1
LF:74
LH:70
BRDA:16,0,0,5
BRDA:16,0,1,0
BRDA:26,1,0,0
BRDA:26,1,1,4
BRDA:26,2,0,4
BRDA:26,2,1,4
BRDA:30,3,0,4
BRDA:30,3,1,0
BRDA:40,4,0,0
BRDA:40,4,1,3
BRDA:42,5,0,3
BRDA:42,5,1,0
BRDA:43,6,0,0
BRDA:43,6,1,3
BRDA:43,7,0,3
BRDA:43,7,1,3
BRDA:46,8,0,3
BRDA:46,8,1,1
BRDA:56,9,0,1
BRDA:56,9,1,3
BRDA:56,10,0,4
BRDA:56,10,1,4
BRDA:61,11,0,4
BRDA:61,11,1,0
BRDA:63,12,0,0
BRDA:63,12,1,3
BRDA:81,13,0,0
BRDA:81,13,1,1
BRDA:98,14,0,1
BRDA:98,14,1,1
BRDA:98,15,0,2
BRDA:98,15,1,2
BRDA:98,15,2,2
BRDA:98,15,3,1
BRDA:107,16,0,1
BRDA:107,16,1,0
BRDA:128,17,0,1
BRDA:128,17,1,0
BRDA:136,18,0,1
BRDA:136,18,1,1
BRDA:143,19,0,1
BRDA:143,19,1,0
BRDA:153,20,0,2
BRDA:153,20,1,0
BRDA:158,21,0,1
BRDA:158,21,1,0
BRF:46
BRH:32
end_of_record
TN:
SF:services\primaryAirService.js
FN:7,fetchAirQuality
FNF:1
FNH:1
FNDA:4,fetchAirQuality
DA:1,1
DA:3,1
DA:9,4
DA:11,4
DA:13,4
DA:16,2
DA:22,2
DA:26,1
LF:8
LH:8
BRF:0
BRH:0
end_of_record
TN:
SF:services\timeUtils.js
FN:9,formatIsoHour
FN:21,(anonymous_1)
FN:21,(anonymous_2)
FN:26,formatIsoHourMillis
FNF:4
FNH:4
FNDA:20,formatIsoHour
FNDA:100,(anonymous_1)
FNDA:500,(anonymous_2)
FNDA:7,formatIsoHourMillis
DA:5,4
DA:10,20
DA:11,20
DA:21,500
DA:22,20
DA:27,7
DA:30,4
LF:7
LH:7
BRF:0
BRH:0
end_of_record
